mode: atomic
cderun/main.go:13.13,14.49 1 0
cderun/main.go:14.49,16.31 2 0
cderun/main.go:16.31,17.26 1 0
cderun/main.go:17.26,19.5 1 0
cderun/main.go:20.4,20.25 1 0
cderun/main.go:22.3,23.13 2 0
cderun/internal/logging/logger.go:24.33,25.16 1 21
cderun/internal/logging/logger.go:26.9,27.35 1 10
cderun/internal/logging/logger.go:27.35,29.4 1 2
cderun/internal/logging/logger.go:30.3,30.35 1 8
cderun/internal/logging/logger.go:30.35,32.4 1 8
cderun/internal/logging/logger.go:33.9,34.36 1 8
cderun/internal/logging/logger.go:34.36,36.4 1 2
cderun/internal/logging/logger.go:37.3,37.36 1 6
cderun/internal/logging/logger.go:37.36,39.4 1 3
cderun/internal/logging/logger.go:40.3,40.36 1 3
cderun/internal/logging/logger.go:40.36,42.4 1 3
cderun/internal/logging/logger.go:43.9,44.38 1 3
cderun/internal/logging/logger.go:44.38,46.4 1 2
cderun/internal/logging/logger.go:48.2,48.18 1 1
cderun/internal/logging/logger.go:68.32,69.40 1 15
cderun/internal/logging/logger.go:69.40,71.3 1 1
cderun/internal/logging/logger.go:72.2,72.27 1 14
cderun/internal/logging/logger.go:75.37,76.45 1 3
cderun/internal/logging/logger.go:76.45,78.3 1 0
cderun/internal/logging/logger.go:79.2,79.32 1 3
cderun/internal/logging/logger.go:90.40,92.2 1 15
cderun/internal/logging/logger.go:94.35,96.2 1 22
cderun/internal/logging/logger.go:98.37,102.2 3 1
cderun/internal/logging/logger.go:104.38,108.2 3 1
cderun/internal/logging/logger.go:110.40,114.2 3 1
cderun/internal/logging/logger.go:117.44,119.2 1 0
cderun/internal/logging/logger.go:122.38,124.2 1 0
cderun/internal/logging/logger.go:127.38,129.2 1 0
cderun/internal/logging/logger.go:131.33,139.2 3 6
cderun/internal/logging/logger.go:143.62,145.2 1 2
cderun/internal/logging/logger.go:147.74,156.2 6 8
cderun/internal/logging/logger.go:158.29,160.2 1 2
cderun/internal/logging/logger.go:162.41,165.14 3 7
cderun/internal/logging/logger.go:165.14,167.3 1 1
cderun/internal/logging/logger.go:168.2,168.14 1 7
cderun/internal/logging/logger.go:171.80,176.17 2 3
cderun/internal/logging/logger.go:176.17,178.3 1 1
cderun/internal/logging/logger.go:179.2,180.13 2 3
cderun/internal/logging/logger.go:183.80,186.17 3 9
cderun/internal/logging/logger.go:186.17,188.3 1 1
cderun/internal/logging/logger.go:189.2,191.17 3 9
cderun/internal/logging/logger.go:191.17,194.3 2 1
cderun/internal/logging/logger.go:195.2,200.25 6 9
cderun/internal/logging/logger.go:203.60,204.26 1 11
cderun/internal/logging/logger.go:204.26,206.3 1 1
cderun/internal/logging/logger.go:208.2,209.20 2 10
cderun/internal/logging/logger.go:209.20,211.3 1 9
cderun/internal/logging/logger.go:211.8,213.3 1 1
cderun/internal/logging/logger.go:214.2,221.26 5 10
cderun/internal/logging/logger.go:221.26,223.3 1 0
cderun/internal/logging/logger.go:225.2,225.42 1 10
cderun/internal/logging/logger.go:228.80,229.24 1 12
cderun/internal/logging/logger.go:229.24,232.3 2 3
cderun/internal/logging/logger.go:232.8,235.3 2 9
cderun/internal/logging/logger.go:238.49,238.84 1 1
cderun/internal/logging/logger.go:239.49,239.83 1 1
cderun/internal/logging/logger.go:240.49,240.83 1 1
cderun/internal/logging/logger.go:241.49,241.84 1 1
cderun/internal/logging/logger.go:242.49,242.84 1 1
cderun/internal/logging/logger.go:244.37,244.73 1 1
cderun/internal/logging/logger.go:245.37,245.72 1 1
cderun/internal/logging/logger.go:246.37,246.72 1 1
cderun/internal/logging/logger.go:247.37,247.73 1 1
cderun/internal/logging/logger.go:248.37,248.73 1 1
cderun/internal/logging/logger.go:251.32,253.2 1 0
cderun/internal/logging/logger.go:256.26,258.2 1 0
cderun/internal/logging/logger.go:261.26,263.2 1 0
cderun/internal/logging/logger.go:268.32,270.2 1 4
cderun/internal/logging/logger.go:272.26,274.2 1 5
cderun/internal/logging/logger.go:278.33,280.2 1 1790
cderun/internal/logging/logger.go:282.36,286.30 2 22
cderun/internal/logging/logger.go:286.30,290.85 3 113
cderun/internal/logging/logger.go:290.85,292.4 1 7
cderun/internal/logging/logger.go:294.2,294.24 1 15
cderun/internal/logging/logger.go:294.24,295.26 1 58
cderun/internal/logging/logger.go:295.26,297.4 1 0
cderun/internal/logging/logger.go:299.2,299.14 1 15
cderun/internal/logging/logger.go:306.41,307.24 1 19
cderun/internal/logging/logger.go:307.24,309.3 1 13
cderun/internal/logging/logger.go:315.2,315.19 1 6
cderun/internal/logging/logger.go:315.19,318.31 3 4
cderun/internal/logging/logger.go:318.31,320.17 2 311
cderun/internal/logging/logger.go:320.17,323.5 2 0
cderun/internal/logging/logger.go:323.10,323.31 1 311
cderun/internal/logging/logger.go:323.31,329.5 5 11
cderun/internal/logging/logger.go:329.10,332.5 2 300
cderun/internal/logging/logger.go:334.3,334.25 1 4
cderun/internal/logging/logger.go:337.2,339.30 3 2
cderun/internal/logging/logger.go:339.30,341.16 2 528
cderun/internal/logging/logger.go:341.16,343.4 1 0
cderun/internal/logging/logger.go:343.9,343.30 1 528
cderun/internal/logging/logger.go:343.30,347.4 3 3
cderun/internal/logging/logger.go:347.9,349.4 1 525
cderun/internal/logging/logger.go:351.2,351.25 1 2
cderun/internal/config/config.go:26.47,30.26 4 2
cderun/internal/config/config.go:30.26,33.3 2 1
cderun/internal/config/config.go:34.2,34.12 1 2
cderun/internal/config/config.go:37.57,38.28 1 19
cderun/internal/config/config.go:38.28,40.3 1 2
cderun/internal/config/config.go:41.2,42.26 2 19
cderun/internal/config/config.go:42.26,43.39 1 5
cderun/internal/config/config.go:43.39,45.18 2 5
cderun/internal/config/config.go:45.18,47.5 1 0
cderun/internal/config/config.go:48.4,48.38 1 5
cderun/internal/config/config.go:51.2,51.12 1 19
cderun/internal/config/config.go:115.51,154.22 37 3
cderun/internal/config/config.go:154.22,156.31 2 2
cderun/internal/config/config.go:156.31,158.4 1 2
cderun/internal/config/config.go:160.2,160.21 1 3
cderun/internal/config/config.go:160.21,162.30 2 2
cderun/internal/config/config.go:162.30,164.4 1 2
cderun/internal/config/config.go:166.2,166.12 1 3
cderun/internal/config/config.go:169.53,170.33 1 19
cderun/internal/config/config.go:170.33,172.3 1 2
cderun/internal/config/config.go:173.2,173.33 1 19
cderun/internal/config/config.go:173.33,175.3 1 2
cderun/internal/config/config.go:176.2,176.26 1 19
cderun/internal/config/config.go:176.26,178.3 1 1
cderun/internal/config/config.go:179.2,179.27 1 19
cderun/internal/config/config.go:179.27,181.3 1 1
cderun/internal/config/config.go:190.49,194.2 3 2
cderun/internal/config/config.go:206.45,208.21 2 1
cderun/internal/config/config.go:208.21,211.3 2 1
cderun/internal/config/config.go:212.2,212.12 1 1
cderun/internal/config/config.go:286.43,326.22 38 2
cderun/internal/config/config.go:326.22,328.31 2 1
cderun/internal/config/config.go:328.31,330.4 1 1
cderun/internal/config/config.go:332.2,332.21 1 2
cderun/internal/config/config.go:332.21,334.30 2 1
cderun/internal/config/config.go:334.30,336.4 1 1
cderun/internal/config/config.go:338.2,338.12 1 2
cderun/internal/config/config.go:341.49,342.33 1 11
cderun/internal/config/config.go:342.33,344.3 1 1
cderun/internal/config/config.go:345.2,345.33 1 11
cderun/internal/config/config.go:345.33,347.3 1 1
cderun/internal/config/config.go:348.2,348.26 1 11
cderun/internal/config/config.go:348.26,350.3 1 2
cderun/internal/config/config.go:351.2,351.27 1 11
cderun/internal/config/config.go:351.27,353.3 1 1
cderun/internal/config/config.go:358.45,359.14 1 2
cderun/internal/config/config.go:359.14,361.3 1 1
cderun/internal/config/config.go:362.2,363.22 2 1
cderun/internal/config/config.go:363.22,365.3 1 1
cderun/internal/config/config.go:366.2,366.12 1 1
cderun/internal/config/config.go:369.33,370.14 1 79
cderun/internal/config/config.go:370.14,372.3 1 54
cderun/internal/config/config.go:373.2,375.12 3 25
cderun/internal/config/config.go:378.43,379.14 1 80
cderun/internal/config/config.go:379.14,381.3 1 60
cderun/internal/config/config.go:382.2,384.12 3 20
cderun/internal/config/config.go:387.47,388.14 1 7
cderun/internal/config/config.go:388.14,390.3 1 1
cderun/internal/config/config.go:391.2,391.32 1 6
cderun/internal/config/config.go:391.32,393.3 1 2
cderun/internal/config/config.go:394.2,394.10 1 4
cderun/internal/config/config.go:418.47,418.68 1 92
cderun/internal/config/config.go:420.62,420.86 1 67
cderun/internal/config/config.go:421.62,421.90 1 3
cderun/internal/config/config.go:425.60,425.87 1 55
cderun/internal/config/config.go:426.60,426.86 1 2
cderun/internal/config/config.go:427.60,427.85 1 469
cderun/internal/config/config.go:428.60,428.88 1 710
cderun/internal/config/config.go:429.60,429.83 1 2
cderun/internal/config/config.go:430.69,432.2 1 2
cderun/internal/config/config.go:434.87,436.2 1 2
cderun/internal/config/config.go:437.56,437.85 1 2
cderun/internal/config/config.go:438.56,438.85 1 12
cderun/internal/config/config.go:456.38,463.2 1 2
cderun/internal/config/config.go:466.57,473.2 1 104
cderun/internal/config/config.go:478.49,481.16 3 4
cderun/internal/config/config.go:481.16,481.59 1 5
cderun/internal/config/config.go:485.52,488.16 3 4
cderun/internal/config/config.go:488.16,488.62 1 5
cderun/internal/config/config.go:492.44,494.2 1 2
cderun/internal/config/config.go:496.69,498.24 2 756
cderun/internal/config/config.go:498.24,499.39 1 741
cderun/internal/config/config.go:499.39,502.4 2 63
cderun/internal/config/config.go:504.2,508.24 4 693
cderun/internal/config/config.go:508.24,510.3 1 15
cderun/internal/config/config.go:512.2,512.38 1 693
cderun/internal/config/config.go:512.38,514.3 1 0
cderun/internal/config/config.go:516.2,518.18 3 693
cderun/internal/config/config.go:522.62,525.16 3 140
cderun/internal/config/config.go:525.16,526.7 1 139
cderun/internal/config/config.go:526.7,528.45 2 333
cderun/internal/config/config.go:528.45,529.44 1 86
cderun/internal/config/config.go:529.44,531.6 1 82
cderun/internal/config/config.go:531.11,533.6 1 4
cderun/internal/config/config.go:535.4,536.22 2 333
cderun/internal/config/config.go:536.22,537.10 1 139
cderun/internal/config/config.go:539.4,539.17 1 194
cderun/internal/config/config.go:544.2,544.49 1 140
cderun/internal/config/config.go:544.49,546.44 2 139
cderun/internal/config/config.go:546.44,547.43 1 6
cderun/internal/config/config.go:547.43,549.5 1 5
cderun/internal/config/config.go:549.10,551.5 1 1
cderun/internal/config/config.go:556.2,557.43 2 140
cderun/internal/config/config.go:557.43,559.3 1 6
cderun/internal/config/config.go:562.2,563.43 2 140
cderun/internal/config/config.go:563.43,565.3 1 6
cderun/internal/config/config.go:567.2,567.14 1 140
cderun/internal/config/config.go:571.48,575.43 4 27
cderun/internal/config/config.go:575.43,577.3 1 5
cderun/internal/config/config.go:578.2,578.12 1 22
cderun/internal/config/config.go:582.58,584.2 1 1
cderun/internal/config/config.go:587.76,589.21 2 16
cderun/internal/config/config.go:589.21,591.3 1 3
cderun/internal/config/config.go:593.2,595.46 3 13
cderun/internal/config/config.go:595.46,598.17 3 16
cderun/internal/config/config.go:598.17,600.4 1 2
cderun/internal/config/config.go:602.3,603.55 2 14
cderun/internal/config/config.go:603.55,605.4 1 3
cderun/internal/config/config.go:607.3,607.51 1 11
cderun/internal/config/config.go:607.51,609.4 1 0
cderun/internal/config/config.go:611.3,611.74 1 11
cderun/internal/config/config.go:611.74,613.4 1 0
cderun/internal/config/config.go:615.3,615.42 1 11
cderun/internal/config/config.go:618.2,620.34 2 8
cderun/internal/config/config.go:624.55,626.2 1 1
cderun/internal/config/config.go:629.73,631.21 2 9
cderun/internal/config/config.go:631.21,633.3 1 2
cderun/internal/config/config.go:635.2,637.46 3 7
cderun/internal/config/config.go:637.46,640.17 3 10
cderun/internal/config/config.go:640.17,642.4 1 2
cderun/internal/config/config.go:644.3,645.55 2 8
cderun/internal/config/config.go:645.55,647.4 1 1
cderun/internal/config/config.go:649.3,649.27 1 7
cderun/internal/config/config.go:649.27,652.37 2 8
cderun/internal/config/config.go:652.37,653.74 1 2
cderun/internal/config/config.go:653.74,655.6 1 0
cderun/internal/config/config.go:656.5,656.25 1 2
cderun/internal/config/config.go:657.10,659.5 1 6
cderun/internal/config/config.go:661.3,661.42 1 7
cderun/internal/config/config.go:664.2,666.33 2 4
cderun/internal/config/config.go:671.73,672.48 1 19
cderun/internal/config/config.go:672.48,674.3 1 3
cderun/internal/config/config.go:675.2,675.34 1 16
cderun/internal/config/config.go:675.34,677.17 2 4
cderun/internal/config/config.go:677.17,679.4 1 3
cderun/internal/config/config.go:680.3,680.32 1 1
cderun/internal/config/config.go:682.2,683.16 2 13
cderun/internal/config/config.go:683.16,685.3 1 3
cderun/internal/config/config.go:686.2,686.21 1 10
cderun/internal/config/config.go:690.95,692.16 2 13
cderun/internal/config/config.go:692.16,694.3 1 6
cderun/internal/config/config.go:696.2,697.16 2 7
cderun/internal/config/config.go:697.16,699.3 1 3
cderun/internal/config/config.go:701.2,702.52 2 4
cderun/internal/config/config.go:702.52,704.3 1 1
cderun/internal/config/config.go:706.2,707.48 2 3
cderun/internal/config/config.go:707.48,709.3 1 0
cderun/internal/config/config.go:711.2,711.37 1 3
cderun/internal/config/config.go:715.92,717.16 2 6
cderun/internal/config/config.go:717.16,719.3 1 3
cderun/internal/config/config.go:721.2,722.16 2 3
cderun/internal/config/config.go:722.16,724.3 1 2
cderun/internal/config/config.go:726.2,727.52 2 1
cderun/internal/config/config.go:727.52,729.3 1 0
cderun/internal/config/config.go:731.2,732.24 2 1
cderun/internal/config/config.go:732.24,735.3 2 1
cderun/internal/config/config.go:737.2,737.36 1 1
cderun/internal/config/config.go:740.42,741.14 1 7
cderun/internal/config/config.go:741.14,743.3 1 4
cderun/internal/config/config.go:744.2,745.13 2 3
cderun/internal/config/config.go:748.30,749.14 1 17
cderun/internal/config/config.go:749.14,751.3 1 16
cderun/internal/config/config.go:752.2,753.13 2 1
cderun/internal/config/errors.go:12.48,14.2 1 2
cderun/internal/config/errors.go:21.45,23.2 1 1
cderun/internal/config/errors.go:31.43,32.18 1 2
cderun/internal/config/errors.go:32.18,34.3 1 1
cderun/internal/config/errors.go:35.2,35.66 1 1
cderun/internal/config/errors.go:38.43,40.2 1 2
cderun/internal/config/errors.go:49.45,51.2 1 26
cderun/internal/config/errors.go:53.45,55.2 1 1
cderun/internal/config/expression.go:34.61,35.32 1 1255
cderun/internal/config/expression.go:35.32,37.3 1 915
cderun/internal/config/expression.go:39.2,44.28 5 340
cderun/internal/config/expression.go:44.28,45.35 1 17619
cderun/internal/config/expression.go:45.35,48.4 2 10436
cderun/internal/config/expression.go:48.9,48.42 1 7183
cderun/internal/config/expression.go:48.42,49.22 1 426
cderun/internal/config/expression.go:49.22,53.5 3 425
cderun/internal/config/expression.go:54.4,54.10 1 426
cderun/internal/config/expression.go:55.9,57.4 1 6757
cderun/internal/config/expression.go:60.2,60.24 1 340
cderun/internal/config/expression.go:60.24,62.3 1 5
cderun/internal/config/expression.go:64.2,66.46 3 335
cderun/internal/config/expression.go:66.46,67.25 1 425
cderun/internal/config/expression.go:67.25,70.4 2 354
cderun/internal/config/expression.go:74.2,76.12 2 335
cderun/internal/config/expression.go:98.79,100.2 1 38
cderun/internal/config/expression.go:102.100,104.16 2 380
cderun/internal/config/expression.go:104.16,106.3 1 11
cderun/internal/config/expression.go:107.2,108.16 2 369
cderun/internal/config/expression.go:108.16,110.3 1 1
cderun/internal/config/expression.go:111.2,116.8 1 368
cderun/internal/config/expression.go:120.44,122.2 1 320
cderun/internal/config/expression.go:127.71,128.14 1 77
cderun/internal/config/expression.go:128.14,130.3 1 49
cderun/internal/config/expression.go:131.2,140.12 4 28
cderun/internal/config/expression.go:143.45,144.28 1 620
cderun/internal/config/expression.go:144.28,147.3 2 145
cderun/internal/config/expression.go:150.63,151.14 1 545
cderun/internal/config/expression.go:151.14,153.3 1 0
cderun/internal/config/expression.go:154.2,155.24 2 545
cderun/internal/config/expression.go:158.48,160.29 2 165
cderun/internal/config/expression.go:160.29,163.3 2 79
cderun/internal/config/expression.go:166.45,168.30 2 105
cderun/internal/config/expression.go:168.30,169.27 1 87
cderun/internal/config/expression.go:169.27,171.4 1 87
cderun/internal/config/expression.go:175.50,176.18 1 109
cderun/internal/config/expression.go:176.18,178.3 1 108
cderun/internal/config/expression.go:181.69,188.8 6 49
cderun/internal/config/expression.go:188.8,190.3 1 0
cderun/internal/config/expression.go:192.2,198.18 5 49
cderun/internal/config/expression.go:202.49,203.18 1 145
cderun/internal/config/expression.go:203.18,205.3 1 11
cderun/internal/config/expression.go:206.2,206.25 1 134
cderun/internal/config/expression.go:207.14,208.30 1 72
cderun/internal/config/expression.go:209.13,210.28 1 24
cderun/internal/config/expression.go:210.28,212.4 1 50
cderun/internal/config/expression.go:213.3,213.13 1 24
cderun/internal/config/expression.go:214.22,216.22 2 24
cderun/internal/config/expression.go:216.22,218.4 1 48
cderun/internal/config/expression.go:219.3,220.26 2 24
cderun/internal/config/expression.go:220.26,222.4 1 48
cderun/internal/config/expression.go:223.3,223.13 1 24
cderun/internal/config/expression.go:224.10,225.11 1 14
cderun/internal/config/expression.go:230.70,233.2 2 366
cderun/internal/config/expression.go:235.61,236.29 1 631
cderun/internal/config/expression.go:236.29,238.3 1 20
cderun/internal/config/expression.go:240.2,244.27 3 611
cderun/internal/config/expression.go:244.27,246.3 1 159
cderun/internal/config/expression.go:249.2,250.13 2 452
cderun/internal/config/expression.go:250.13,252.92 1 432
cderun/internal/config/expression.go:252.92,254.76 2 295
cderun/internal/config/expression.go:254.76,256.71 2 248
cderun/internal/config/expression.go:256.71,259.6 2 152
cderun/internal/config/expression.go:263.3,263.14 1 432
cderun/internal/config/expression.go:263.14,266.23 3 280
cderun/internal/config/expression.go:266.23,271.32 5 279
cderun/internal/config/expression.go:271.32,272.22 1 292
cderun/internal/config/expression.go:272.22,273.24 1 1
cderun/internal/config/expression.go:273.24,276.8 2 0
cderun/internal/config/expression.go:277.12,284.138 4 291
cderun/internal/config/expression.go:284.138,286.8 1 20
cderun/internal/config/expression.go:286.13,289.43 2 271
cderun/internal/config/expression.go:289.43,291.9 1 36
cderun/internal/config/expression.go:292.8,292.54 1 271
cderun/internal/config/expression.go:295.7,295.21 1 291
cderun/internal/config/expression.go:295.21,297.25 2 99
cderun/internal/config/expression.go:297.25,300.9 2 0
cderun/internal/config/expression.go:301.13,302.26 1 192
cderun/internal/config/expression.go:302.26,305.27 2 180
cderun/internal/config/expression.go:305.27,307.10 1 180
cderun/internal/config/expression.go:308.9,309.30 2 180
cderun/internal/config/expression.go:309.30,311.10 1 0
cderun/internal/config/expression.go:312.9,313.29 2 180
cderun/internal/config/expression.go:314.14,316.9 1 12
cderun/internal/config/expression.go:317.8,317.33 1 192
cderun/internal/config/expression.go:320.6,320.20 1 292
cderun/internal/config/expression.go:322.5,322.22 1 279
cderun/internal/config/expression.go:322.22,325.6 2 180
cderun/internal/config/expression.go:330.2,330.18 1 452
cderun/internal/config/expression.go:330.18,332.3 1 102
cderun/internal/config/expression.go:335.2,335.38 1 350
cderun/internal/config/expression.go:335.38,336.22 1 24
cderun/internal/config/expression.go:336.22,338.4 1 3
cderun/internal/config/expression.go:339.3,339.40 1 21
cderun/internal/config/expression.go:339.40,341.4 1 21
cderun/internal/config/expression.go:343.3,343.38 1 0
cderun/internal/config/expression.go:346.2,346.17 1 326
cderun/internal/config/expression.go:349.79,351.17 1 522
cderun/internal/config/expression.go:352.14,353.21 1 67
cderun/internal/config/expression.go:354.13,355.20 1 38
cderun/internal/config/expression.go:356.19,357.58 1 10
cderun/internal/config/expression.go:357.58,359.4 1 5
cderun/internal/config/expression.go:360.3,360.21 1 5
cderun/internal/config/expression.go:361.18,362.61 1 9
cderun/internal/config/expression.go:362.61,364.4 1 4
cderun/internal/config/expression.go:365.3,365.20 1 5
cderun/internal/config/expression.go:369.2,369.58 1 398
cderun/internal/config/expression.go:369.58,371.3 1 139
cderun/internal/config/expression.go:373.2,373.62 1 259
cderun/internal/config/expression.go:373.62,375.3 1 43
cderun/internal/config/expression.go:377.2,377.57 1 216
cderun/internal/config/expression.go:377.57,379.3 1 153
cderun/internal/config/expression.go:383.2,384.36 2 63
cderun/internal/config/expression.go:384.36,386.63 2 354
cderun/internal/config/expression.go:386.63,388.9 2 40
cderun/internal/config/expression.go:391.2,391.66 1 63
cderun/internal/config/expression.go:391.66,393.3 1 38
cderun/internal/config/expression.go:395.2,395.35 1 25
cderun/internal/config/expression.go:398.72,401.52 2 154
cderun/internal/config/expression.go:401.52,403.3 1 6
cderun/internal/config/expression.go:404.2,404.172 1 148
cderun/internal/config/expression.go:404.172,406.3 1 32
cderun/internal/config/expression.go:408.2,414.8 6 116
cderun/internal/config/expression.go:414.8,415.24 1 35
cderun/internal/config/expression.go:415.24,416.41 1 33
cderun/internal/config/expression.go:416.41,418.5 1 31
cderun/internal/config/expression.go:419.4,419.58 1 2
cderun/internal/config/expression.go:419.58,421.5 1 1
cderun/internal/config/expression.go:422.4,422.28 1 1
cderun/internal/config/expression.go:424.3,424.41 1 2
cderun/internal/config/expression.go:424.41,425.58 1 0
cderun/internal/config/expression.go:425.58,427.5 1 0
cderun/internal/config/expression.go:428.4,428.28 1 0
cderun/internal/config/expression.go:430.3,430.29 1 2
cderun/internal/config/expression.go:433.2,436.21 4 81
cderun/internal/config/expression.go:436.21,441.17 5 40
cderun/internal/config/expression.go:441.17,442.58 1 11
cderun/internal/config/expression.go:442.58,444.5 1 1
cderun/internal/config/expression.go:445.4,445.28 1 10
cderun/internal/config/expression.go:447.3,447.17 1 29
cderun/internal/config/expression.go:450.2,451.16 2 41
cderun/internal/config/expression.go:451.16,456.17 5 1
cderun/internal/config/expression.go:456.17,457.58 1 0
cderun/internal/config/expression.go:457.58,459.5 1 0
cderun/internal/config/expression.go:460.4,460.28 1 0
cderun/internal/config/expression.go:462.3,462.24 1 1
cderun/internal/config/expression.go:465.2,465.40 1 40
cderun/internal/config/expression.go:465.40,471.3 5 2
cderun/internal/config/expression.go:473.2,474.16 2 38
cderun/internal/config/expression.go:474.16,479.17 5 2
cderun/internal/config/expression.go:479.17,480.58 1 0
cderun/internal/config/expression.go:480.58,482.5 1 0
cderun/internal/config/expression.go:483.4,483.28 1 0
cderun/internal/config/expression.go:485.3,485.24 1 2
cderun/internal/config/expression.go:488.2,488.45 1 36
cderun/internal/config/expression.go:488.45,494.3 5 6
cderun/internal/config/expression.go:496.2,501.32 5 30
cderun/internal/config/expression.go:501.32,502.57 1 2
cderun/internal/config/expression.go:502.57,504.4 1 0
cderun/internal/config/expression.go:505.3,505.27 1 2
cderun/internal/config/expression.go:508.2,508.20 1 28
cderun/internal/config/expression.go:511.75,513.48 2 49
cderun/internal/config/expression.go:513.48,515.3 1 6
cderun/internal/config/expression.go:516.2,516.148 1 43
cderun/internal/config/expression.go:516.148,518.3 1 20
cderun/internal/config/expression.go:520.2,523.21 4 23
cderun/internal/config/expression.go:523.21,524.17 1 10
cderun/internal/config/expression.go:524.17,525.58 1 8
cderun/internal/config/expression.go:525.58,527.5 1 0
cderun/internal/config/expression.go:528.4,528.28 1 8
cderun/internal/config/expression.go:530.3,530.65 1 2
cderun/internal/config/expression.go:533.2,535.16 3 13
cderun/internal/config/expression.go:535.16,536.17 1 2
cderun/internal/config/expression.go:536.17,537.58 1 0
cderun/internal/config/expression.go:537.58,539.5 1 0
cderun/internal/config/expression.go:540.4,540.28 1 0
cderun/internal/config/expression.go:542.3,542.76 1 2
cderun/internal/config/expression.go:545.2,545.41 1 11
cderun/internal/config/expression.go:551.71,553.44 2 158
cderun/internal/config/expression.go:553.44,555.3 1 18
cderun/internal/config/expression.go:556.2,557.29 2 140
cderun/internal/config/expression.go:557.29,558.57 1 61
cderun/internal/config/expression.go:558.57,560.4 1 6
cderun/internal/config/expression.go:561.3,561.27 1 55
cderun/internal/config/expression.go:563.2,563.47 1 79
cderun/internal/config/expression.go:563.47,565.3 1 4
cderun/internal/config/expression.go:566.2,566.17 1 75
cderun/internal/config/expression.go:569.85,570.54 1 143
cderun/internal/config/expression.go:570.54,572.3 1 116
cderun/internal/config/expression.go:574.2,575.26 2 27
cderun/internal/config/expression.go:575.26,577.17 2 2
cderun/internal/config/expression.go:577.17,579.4 1 2
cderun/internal/config/expression.go:580.3,580.10 1 0
cderun/internal/config/expression.go:583.2,589.41 6 25
cderun/internal/config/expression.go:589.41,591.92 2 42
cderun/internal/config/expression.go:591.92,592.99 1 29
cderun/internal/config/expression.go:592.99,598.5 5 28
cderun/internal/config/expression.go:602.2,602.11 1 25
cderun/internal/config/expression.go:602.11,604.3 1 20
cderun/internal/config/expression.go:605.2,605.17 1 5
cderun/internal/config/masking.go:15.29,16.30 1 12
cderun/internal/config/masking.go:16.30,17.33 1 113
cderun/internal/config/masking.go:17.33,19.4 1 0
cderun/internal/config/masking.go:21.2,21.13 1 12
cderun/internal/config/masking.go:24.41,25.24 1 16
cderun/internal/config/masking.go:25.24,27.3 1 6
cderun/internal/config/masking.go:28.2,28.31 1 10
cderun/internal/config/masking.go:28.31,31.15 3 96
cderun/internal/config/masking.go:31.15,32.30 1 48
cderun/internal/config/masking.go:32.30,34.5 1 22
cderun/internal/config/masking.go:35.4,35.30 1 48
cderun/internal/config/masking.go:35.30,37.5 1 27
cderun/internal/config/masking.go:38.4,38.16 1 48
cderun/internal/config/masking.go:38.16,40.5 1 1
cderun/internal/config/masking.go:43.2,43.13 1 9
cderun/internal/config/masking.go:46.48,47.26 1 15
cderun/internal/config/masking.go:47.26,49.3 1 2
cderun/internal/config/masking.go:50.2,51.35 2 13
cderun/internal/config/masking.go:51.35,54.15 3 66
cderun/internal/config/masking.go:54.15,55.30 1 16
cderun/internal/config/masking.go:55.30,57.5 1 3
cderun/internal/config/masking.go:58.4,58.30 1 16
cderun/internal/config/masking.go:58.30,60.5 1 15
cderun/internal/config/masking.go:61.4,61.16 1 16
cderun/internal/config/masking.go:61.16,63.5 1 3
cderun/internal/config/masking.go:66.2,66.13 1 10
cderun/internal/config/masking.go:69.48,70.26 1 31
cderun/internal/config/masking.go:70.26,72.3 1 1
cderun/internal/config/masking.go:73.2,73.35 1 30
cderun/internal/config/masking.go:73.35,76.15 3 102
cderun/internal/config/masking.go:76.15,77.30 1 34
cderun/internal/config/masking.go:77.30,79.5 1 31
cderun/internal/config/masking.go:80.4,80.30 1 34
cderun/internal/config/masking.go:80.30,82.5 1 13
cderun/internal/config/masking.go:83.4,83.16 1 34
cderun/internal/config/masking.go:83.16,85.5 1 15
cderun/internal/config/masking.go:88.2,88.13 1 15
cderun/internal/config/masking.go:91.47,92.22 1 106
cderun/internal/config/masking.go:92.22,94.3 1 0
cderun/internal/config/masking.go:95.2,95.26 1 106
cderun/internal/config/masking.go:95.26,97.3 1 2
cderun/internal/config/masking.go:98.2,99.30 2 104
cderun/internal/config/masking.go:99.30,101.36 2 677
cderun/internal/config/masking.go:101.36,104.16 3 857
cderun/internal/config/masking.go:104.16,105.31 1 666
cderun/internal/config/masking.go:105.31,107.6 1 536
cderun/internal/config/masking.go:108.5,108.31 1 666
cderun/internal/config/masking.go:108.31,110.6 1 561
cderun/internal/config/masking.go:111.5,111.17 1 666
cderun/internal/config/masking.go:111.17,113.11 2 643
cderun/internal/config/masking.go:117.3,117.12 1 677
cderun/internal/config/masking.go:117.12,119.4 1 34
cderun/internal/config/masking.go:121.2,121.14 1 70
cderun/internal/config/masking.go:124.29,125.30 1 195
cderun/internal/config/masking.go:125.30,126.18 1 1747
cderun/internal/config/masking.go:126.18,128.4 1 11
cderun/internal/config/masking.go:130.2,130.13 1 184
cderun/internal/config/masking.go:153.66,154.24 1 68
cderun/internal/config/masking.go:154.24,156.3 1 0
cderun/internal/config/masking.go:157.2,158.60 2 68
cderun/internal/config/masking.go:158.60,160.30 2 52
cderun/internal/config/masking.go:160.30,161.31 1 76
cderun/internal/config/masking.go:161.31,163.10 2 40
cderun/internal/config/masking.go:166.3,166.12 1 52
cderun/internal/config/masking.go:166.12,168.4 1 12
cderun/internal/config/masking.go:171.2,172.29 2 56
cderun/internal/config/masking.go:172.29,174.3 1 82
cderun/internal/config/masking.go:176.2,184.17 4 56
cderun/internal/config/masking.go:187.53,194.17 2 82
cderun/internal/config/masking.go:194.17,197.3 2 5
cderun/internal/config/masking.go:199.2,200.18 2 77
cderun/internal/config/masking.go:200.18,203.3 2 9
cderun/internal/config/masking.go:205.2,206.71 2 68
cderun/internal/config/masking.go:206.71,210.3 3 13
cderun/internal/config/masking.go:212.2,212.78 1 55
cderun/internal/config/masking.go:212.78,216.3 3 16
cderun/internal/config/masking.go:218.2,218.123 1 39
cderun/internal/config/masking.go:218.123,222.3 3 36
cderun/internal/config/masking.go:224.2,224.11 1 3
cderun/internal/config/masking.go:227.99,228.30 1 183
cderun/internal/config/masking.go:228.30,229.17 1 172
cderun/internal/config/masking.go:229.17,231.4 1 16
cderun/internal/config/masking.go:232.3,232.18 1 156
cderun/internal/config/masking.go:232.18,234.4 1 15
cderun/internal/config/masking.go:235.3,235.18 1 141
cderun/internal/config/masking.go:235.18,237.4 1 31
cderun/internal/config/masking.go:238.3,238.18 1 110
cderun/internal/config/masking.go:238.18,240.4 1 106
cderun/internal/config/masking.go:243.2,243.21 1 15
cderun/internal/config/masking.go:243.21,244.19 1 12
cderun/internal/config/masking.go:244.19,246.4 1 12
cderun/internal/config/masking.go:246.9,248.4 1 0
cderun/internal/config/masking.go:250.2,251.16 2 15
cderun/internal/config/masking.go:251.16,253.3 1 4
cderun/internal/config/masking.go:254.2,254.16 1 11
cderun/internal/config/masking.go:257.68,258.42 1 59
cderun/internal/config/masking.go:258.42,260.3 1 2
cderun/internal/config/masking.go:262.2,262.21 1 57
cderun/internal/config/masking.go:262.21,264.3 1 5
cderun/internal/config/masking.go:266.2,266.24 1 52
cderun/internal/config/masking.go:266.24,268.3 1 3
cderun/internal/config/masking.go:270.2,275.26 4 49
cderun/internal/config/masking.go:275.26,276.65 1 70
cderun/internal/config/masking.go:276.65,278.4 1 38
cderun/internal/config/masking.go:281.2,281.14 1 11
cderun/internal/config/masking.go:285.69,286.16 1 39
cderun/internal/config/masking.go:286.16,288.3 1 2
cderun/internal/config/masking.go:290.2,290.43 1 37
cderun/internal/config/masking.go:290.43,292.3 1 7
cderun/internal/config/masking.go:294.2,294.21 1 30
cderun/internal/config/masking.go:294.21,296.25 2 11
cderun/internal/config/masking.go:296.25,297.50 1 41
cderun/internal/config/masking.go:297.50,299.37 2 40
cderun/internal/config/masking.go:299.37,300.20 1 40
cderun/internal/config/masking.go:300.20,303.7 2 11
cderun/internal/config/masking.go:304.6,304.39 1 40
cderun/internal/config/masking.go:305.11,305.26 1 0
cderun/internal/config/masking.go:305.26,307.6 1 0
cderun/internal/config/masking.go:308.10,308.25 1 1
cderun/internal/config/masking.go:308.25,310.5 1 1
cderun/internal/config/masking.go:312.3,312.17 1 11
cderun/internal/config/masking.go:312.17,314.4 1 0
cderun/internal/config/masking.go:315.3,315.13 1 11
cderun/internal/config/masking.go:318.2,321.24 3 19
cderun/internal/config/masking.go:321.24,322.49 1 68
cderun/internal/config/masking.go:322.49,325.15 3 66
cderun/internal/config/masking.go:325.15,326.19 1 2
cderun/internal/config/masking.go:326.19,328.6 1 1
cderun/internal/config/masking.go:329.5,329.13 1 2
cderun/internal/config/masking.go:332.4,336.28 4 64
cderun/internal/config/masking.go:336.28,337.65 1 113
cderun/internal/config/masking.go:337.65,339.11 2 38
cderun/internal/config/masking.go:343.4,343.15 1 64
cderun/internal/config/masking.go:343.15,344.26 1 38
cderun/internal/config/masking.go:344.26,345.20 1 0
cderun/internal/config/masking.go:345.20,347.7 1 0
cderun/internal/config/masking.go:348.6,348.14 1 0
cderun/internal/config/masking.go:350.5,350.19 1 38
cderun/internal/config/masking.go:350.19,353.6 2 17
cderun/internal/config/masking.go:354.5,354.38 1 38
cderun/internal/config/masking.go:355.10,355.25 1 26
cderun/internal/config/masking.go:355.25,357.5 1 18
cderun/internal/config/masking.go:358.9,358.24 1 2
cderun/internal/config/masking.go:358.24,360.4 1 1
cderun/internal/config/masking.go:363.2,363.16 1 19
cderun/internal/config/masking.go:363.16,365.3 1 2
cderun/internal/config/masking.go:366.2,366.12 1 17
cderun/internal/config/mock_fs.go:33.50,37.2 3 1782
cderun/internal/config/mock_fs.go:44.44,44.61 1 1
cderun/internal/config/mock_fs.go:45.44,45.56 1 36
cderun/internal/config/mock_fs.go:46.44,46.56 1 1
cderun/internal/config/mock_fs.go:47.44,47.66 1 1
cderun/internal/config/mock_fs.go:48.44,48.62 1 1
cderun/internal/config/mock_fs.go:49.44,49.58 1 1
cderun/internal/config/mock_fs.go:51.65,58.22 6 2394
cderun/internal/config/mock_fs.go:58.22,60.3 1 8
cderun/internal/config/mock_fs.go:61.2,62.32 2 2386
cderun/internal/config/mock_fs.go:62.32,64.3 1 119
cderun/internal/config/mock_fs.go:65.2,65.18 1 2267
cderun/internal/config/mock_fs.go:65.18,67.3 1 16
cderun/internal/config/mock_fs.go:68.2,68.28 1 2251
cderun/internal/config/mock_fs.go:71.64,74.26 3 70
cderun/internal/config/mock_fs.go:74.26,76.3 1 4
cderun/internal/config/mock_fs.go:77.2,77.35 1 66
cderun/internal/config/mock_fs.go:77.35,79.3 1 63
cderun/internal/config/mock_fs.go:80.2,80.28 1 3
cderun/internal/config/mock_fs.go:83.56,86.25 3 459
cderun/internal/config/mock_fs.go:86.25,88.3 1 2
cderun/internal/config/mock_fs.go:89.2,89.23 1 457
cderun/internal/config/mock_fs.go:92.55,95.22 3 2
cderun/internal/config/mock_fs.go:95.22,97.3 1 1
cderun/internal/config/mock_fs.go:98.2,98.24 1 1
cderun/internal/config/mock_fs.go:101.52,104.18 3 16094
cderun/internal/config/mock_fs.go:104.18,106.3 1 11106
cderun/internal/config/mock_fs.go:107.2,107.19 1 4988
cderun/internal/config/mock_fs.go:110.63,113.18 3 24835
cderun/internal/config/mock_fs.go:113.18,115.3 1 17281
cderun/internal/config/mock_fs.go:116.2,117.16 2 7554
cderun/internal/config/mock_fs.go:120.43,123.26 3 2
cderun/internal/config/mock_fs.go:123.26,125.3 1 1
cderun/internal/config/mock_fs.go:126.2,126.15 1 1
cderun/internal/config/mock_fs.go:129.72,132.26 3 3
cderun/internal/config/mock_fs.go:132.26,134.3 1 1
cderun/internal/config/mock_fs.go:135.2,135.19 1 2
cderun/internal/config/mock_fs.go:135.19,137.3 1 1
cderun/internal/config/mock_fs.go:138.2,138.20 1 2
cderun/internal/config/mock_fs.go:138.20,140.3 1 1
cderun/internal/config/mock_fs.go:141.2,143.12 3 2
cderun/internal/config/mock_fs.go:146.90,149.27 3 6
cderun/internal/config/mock_fs.go:149.27,151.3 1 2
cderun/internal/config/mock_fs.go:152.2,152.20 1 4
cderun/internal/config/mock_fs.go:152.20,154.3 1 2
cderun/internal/config/mock_fs.go:155.2,155.20 1 4
cderun/internal/config/mock_fs.go:155.20,157.3 1 1
cderun/internal/config/mock_fs.go:158.2,160.12 3 4
cderun/internal/config/mock_fs.go:163.55,166.27 3 6
cderun/internal/config/mock_fs.go:166.27,168.3 1 2
cderun/internal/config/mock_fs.go:169.2,169.16 1 4
cderun/internal/config/mock_fs.go:169.16,171.3 1 1
cderun/internal/config/mock_fs.go:172.2,172.24 1 3
cderun/internal/config/mock_fs.go:172.24,173.119 1 4
cderun/internal/config/mock_fs.go:173.119,175.4 1 3
cderun/internal/config/mock_fs.go:177.2,177.25 1 3
cderun/internal/config/mock_fs.go:177.25,178.119 1 5
cderun/internal/config/mock_fs.go:178.119,180.4 1 3
cderun/internal/config/mock_fs.go:182.2,182.12 1 3
cderun/internal/config/mock_fs.go:185.59,188.21 3 190
cderun/internal/config/mock_fs.go:188.21,190.3 1 15
cderun/internal/config/mock_fs.go:191.2,191.26 1 175
cderun/internal/config/mock_fs.go:191.26,193.3 1 168
cderun/internal/config/mock_fs.go:194.2,194.39 1 7
cderun/internal/config/option.go:33.10,37.11 3 15310
cderun/internal/config/option.go:37.11,40.3 2 47
cderun/internal/config/option.go:40.8,40.18 1 15263
cderun/internal/config/option.go:40.18,43.3 2 783
cderun/internal/config/option.go:43.8,43.29 1 14480
cderun/internal/config/option.go:43.29,44.46 1 14480
cderun/internal/config/option.go:44.46,47.4 2 42
cderun/internal/config/option.go:50.2,50.12 1 15310
cderun/internal/config/option.go:50.12,51.44 1 14438
cderun/internal/config/option.go:51.44,52.41 1 4696
cderun/internal/config/option.go:52.41,53.47 1 4654
cderun/internal/config/option.go:53.47,56.6 2 52
cderun/internal/config/option.go:61.2,61.12 1 15310
cderun/internal/config/option.go:61.12,62.47 1 14386
cderun/internal/config/option.go:62.47,63.51 1 5460
cderun/internal/config/option.go:63.51,66.5 2 24
cderun/internal/config/option.go:70.2,70.12 1 15310
cderun/internal/config/option.go:70.12,72.3 1 14362
cderun/internal/config/option.go:74.2,74.76 1 15310
cderun/internal/config/option.go:74.76,76.3 1 15308
cderun/internal/config/option.go:77.2,77.27 1 2
cderun/internal/config/option.go:89.17,91.16 2 8610
cderun/internal/config/option.go:91.16,93.3 1 2
cderun/internal/config/option.go:94.2,94.15 1 8608
cderun/internal/config/option.go:94.15,96.3 1 128
cderun/internal/config/option.go:97.2,97.22 1 8480
cderun/internal/config/option.go:107.23,108.11 1 10477
cderun/internal/config/option.go:108.11,110.3 1 21
cderun/internal/config/option.go:111.2,111.11 1 10456
cderun/internal/config/option.go:111.11,113.3 1 87
cderun/internal/config/option.go:114.2,114.22 1 10369
cderun/internal/config/option.go:114.22,115.46 1 10368
cderun/internal/config/option.go:115.46,117.18 2 22
cderun/internal/config/option.go:117.18,119.5 1 3
cderun/internal/config/option.go:120.4,120.23 1 19
cderun/internal/config/option.go:123.2,123.43 1 10347
cderun/internal/config/option.go:123.43,124.40 1 3532
cderun/internal/config/option.go:124.40,125.43 1 3500
cderun/internal/config/option.go:125.43,127.5 1 15
cderun/internal/config/option.go:130.2,130.46 1 10332
cderun/internal/config/option.go:130.46,131.47 1 3972
cderun/internal/config/option.go:131.47,133.4 1 15
cderun/internal/config/option.go:135.2,135.26 1 10317
cderun/internal/config/option.go:146.12,147.15 1 7405
cderun/internal/config/option.go:147.15,149.3 1 12
cderun/internal/config/option.go:150.2,150.15 1 7393
cderun/internal/config/option.go:150.15,152.3 1 64
cderun/internal/config/option.go:153.2,153.22 1 7329
cderun/internal/config/option.go:153.22,154.46 1 7329
cderun/internal/config/option.go:154.46,155.54 1 18
cderun/internal/config/option.go:155.54,157.16 2 8
cderun/internal/config/option.go:157.16,159.6 1 1
cderun/internal/config/option.go:160.5,160.23 1 7
cderun/internal/config/option.go:162.4,163.49 2 10
cderun/internal/config/option.go:163.49,165.16 2 20
cderun/internal/config/option.go:165.16,166.14 1 0
cderun/internal/config/option.go:168.5,168.20 1 20
cderun/internal/config/option.go:168.20,170.6 1 10
cderun/internal/config/option.go:171.5,171.27 1 20
cderun/internal/config/option.go:173.4,173.19 1 10
cderun/internal/config/option.go:173.19,175.5 1 0
cderun/internal/config/option.go:176.4,176.15 1 10
cderun/internal/config/option.go:179.2,179.43 1 7311
cderun/internal/config/option.go:179.43,180.40 1 2621
cderun/internal/config/option.go:180.40,181.43 1 2597
cderun/internal/config/option.go:181.43,183.5 1 13
cderun/internal/config/option.go:186.2,186.46 1 7298
cderun/internal/config/option.go:186.46,188.3 1 2976
cderun/internal/config/option.go:189.2,189.12 1 4322
cderun/internal/config/option.go:196.12,197.17 1 7411
cderun/internal/config/option.go:197.17,199.3 1 7288
cderun/internal/config/option.go:202.2,203.25 2 123
cderun/internal/config/option.go:203.25,204.75 1 158
cderun/internal/config/option.go:204.75,206.9 2 1
cderun/internal/config/option.go:209.2,209.21 1 123
cderun/internal/config/option.go:209.21,213.3 3 122
cderun/internal/config/option.go:215.2,216.25 2 1
cderun/internal/config/option.go:216.25,217.77 1 3
cderun/internal/config/option.go:217.77,219.4 1 1
cderun/internal/config/option.go:219.9,221.4 1 2
cderun/internal/config/option.go:223.2,223.12 1 1
cderun/internal/config/option.go:235.12,238.2 2 8
cderun/internal/config/option.go:248.12,250.11 2 632
cderun/internal/config/option.go:250.11,251.18 1 3
cderun/internal/config/option.go:251.18,253.4 1 0
cderun/internal/config/option.go:253.9,253.43 1 3
cderun/internal/config/option.go:253.43,255.4 1 0
cderun/internal/config/option.go:255.9,257.4 1 3
cderun/internal/config/option.go:258.8,258.18 1 629
cderun/internal/config/option.go:258.18,259.18 1 12
cderun/internal/config/option.go:259.18,261.4 1 0
cderun/internal/config/option.go:261.9,261.43 1 12
cderun/internal/config/option.go:261.43,263.4 1 9
cderun/internal/config/option.go:263.9,265.4 1 3
cderun/internal/config/option.go:266.8,266.29 1 617
cderun/internal/config/option.go:266.29,267.46 1 617
cderun/internal/config/option.go:267.46,268.17 1 5
cderun/internal/config/option.go:268.17,270.5 1 0
cderun/internal/config/option.go:270.10,270.42 1 5
cderun/internal/config/option.go:270.42,272.5 1 1
cderun/internal/config/option.go:272.10,274.5 1 4
cderun/internal/config/option.go:277.2,277.58 1 632
cderun/internal/config/option.go:277.58,278.40 1 223
cderun/internal/config/option.go:278.40,280.4 1 221
cderun/internal/config/option.go:282.2,282.61 1 632
cderun/internal/config/option.go:282.61,284.3 1 253
cderun/internal/config/option.go:285.2,286.17 2 632
cderun/internal/config/option.go:286.17,288.26 2 24
cderun/internal/config/option.go:288.26,290.15 2 34
cderun/internal/config/option.go:290.15,291.79 1 34
cderun/internal/config/option.go:291.79,293.6 1 34
cderun/internal/config/option.go:293.11,295.6 1 0
cderun/internal/config/option.go:299.2,299.12 1 632
cderun/internal/config/option.go:310.20,311.11 1 586
cderun/internal/config/option.go:311.11,313.3 1 3
cderun/internal/config/option.go:314.2,314.11 1 583
cderun/internal/config/option.go:314.11,316.3 1 4
cderun/internal/config/option.go:317.2,317.22 1 579
cderun/internal/config/option.go:317.22,318.46 1 577
cderun/internal/config/option.go:318.46,320.18 2 13
cderun/internal/config/option.go:320.18,322.5 1 6
cderun/internal/config/option.go:323.4,323.17 1 7
cderun/internal/config/option.go:326.2,326.43 1 566
cderun/internal/config/option.go:326.43,327.40 1 214
cderun/internal/config/option.go:327.40,328.43 1 212
cderun/internal/config/option.go:328.43,330.5 1 3
cderun/internal/config/option.go:333.2,333.46 1 563
cderun/internal/config/option.go:333.46,334.47 1 247
cderun/internal/config/option.go:334.47,336.4 1 2
cderun/internal/config/option.go:338.2,338.22 1 561
cderun/internal/config/option.go:349.16,350.11 1 1845
cderun/internal/config/option.go:350.11,352.3 1 9
cderun/internal/config/option.go:353.2,353.11 1 1836
cderun/internal/config/option.go:353.11,355.3 1 16
cderun/internal/config/option.go:356.2,356.22 1 1820
cderun/internal/config/option.go:356.22,357.46 1 1818
cderun/internal/config/option.go:357.46,359.18 2 11
cderun/internal/config/option.go:359.18,361.5 1 5
cderun/internal/config/option.go:362.4,362.17 1 6
cderun/internal/config/option.go:365.2,365.43 1 1809
cderun/internal/config/option.go:365.43,366.40 1 654
cderun/internal/config/option.go:366.40,367.43 1 648
cderun/internal/config/option.go:367.43,369.5 1 4
cderun/internal/config/option.go:372.2,372.46 1 1805
cderun/internal/config/option.go:372.46,373.47 1 744
cderun/internal/config/option.go:373.47,375.4 1 4
cderun/internal/config/option.go:377.2,377.22 1 1801
cderun/internal/config/path.go:25.44,27.2 1 1
cderun/internal/config/path.go:29.60,31.2 1 18
cderun/internal/config/path.go:33.49,34.18 1 5
cderun/internal/config/path.go:34.18,36.3 1 1
cderun/internal/config/path.go:37.2,37.20 1 4
cderun/internal/config/path.go:40.37,42.2 1 3078
cderun/internal/config/path.go:45.69,46.18 1 821
cderun/internal/config/path.go:46.18,48.3 1 2
cderun/internal/config/path.go:49.2,49.43 1 819
cderun/internal/config/path.go:53.75,54.18 1 7
cderun/internal/config/path.go:54.18,56.3 1 1
cderun/internal/config/path.go:57.2,57.49 1 6
cderun/internal/config/path.go:61.75,62.18 1 7
cderun/internal/config/path.go:62.18,64.3 1 1
cderun/internal/config/path.go:65.2,65.49 1 6
cderun/internal/config/path.go:77.46,79.2 1 4
cderun/internal/config/path.go:81.61,90.40 2 7
cderun/internal/config/path.go:90.40,92.20 2 4
cderun/internal/config/path.go:92.20,94.4 1 1
cderun/internal/config/path.go:95.3,100.26 5 4
cderun/internal/config/path.go:100.26,102.4 1 2
cderun/internal/config/path.go:103.3,103.13 1 2
cderun/internal/config/path.go:106.2,106.100 1 3
cderun/internal/config/path.go:109.38,111.2 1 2
cderun/internal/config/path.go:113.50,114.18 1 2
cderun/internal/config/path.go:114.18,116.3 1 1
cderun/internal/config/path.go:118.2,130.15 7 1
cderun/internal/config/path.go:133.51,134.25 1 43
cderun/internal/config/path.go:134.25,136.3 1 42
cderun/internal/config/path.go:138.40,139.45 1 151
cderun/internal/config/path.go:139.45,141.3 1 9
cderun/internal/config/path.go:142.2,142.61 1 142
cderun/internal/config/path.go:142.61,144.3 1 121
cderun/internal/config/path.go:145.2,145.83 1 21
cderun/internal/config/path.go:148.79,149.51 1 54
cderun/internal/config/path.go:149.51,151.3 1 1
cderun/internal/config/path.go:153.2,154.21 2 53
cderun/internal/config/path.go:154.21,156.3 1 5
cderun/internal/config/path.go:159.2,159.39 1 53
cderun/internal/config/path.go:159.39,161.3 1 4
cderun/internal/config/path.go:163.2,164.25 2 49
cderun/internal/config/path.go:164.25,166.17 2 47
cderun/internal/config/path.go:166.17,168.4 1 3
cderun/internal/config/path.go:169.3,169.13 1 44
cderun/internal/config/path.go:170.8,171.27 1 2
cderun/internal/config/path.go:171.27,173.18 2 1
cderun/internal/config/path.go:173.18,175.5 1 0
cderun/internal/config/path.go:176.4,176.14 1 1
cderun/internal/config/path.go:181.2,182.16 2 46
cderun/internal/config/path.go:182.16,184.3 1 1
cderun/internal/config/path.go:186.2,186.45 1 45
cderun/internal/config/path.go:186.45,188.3 1 3
cderun/internal/config/path.go:190.2,196.8 1 42
cderun/internal/config/path.go:206.48,208.2 1 4
cderun/internal/config/path.go:210.62,211.34 1 11
cderun/internal/config/path.go:211.34,213.41 2 3
cderun/internal/config/path.go:213.41,215.4 1 0
cderun/internal/config/path.go:216.3,217.10 2 3
cderun/internal/config/path.go:217.10,219.4 1 2
cderun/internal/config/path.go:221.3,222.13 2 1
cderun/internal/config/path.go:225.2,225.35 1 8
cderun/internal/config/path.go:225.35,231.41 2 7
cderun/internal/config/path.go:231.41,233.4 1 1
cderun/internal/config/path.go:234.3,234.25 1 6
cderun/internal/config/path.go:234.25,236.4 1 2
cderun/internal/config/path.go:237.3,237.30 1 4
cderun/internal/config/path.go:237.30,239.4 1 1
cderun/internal/config/path.go:240.3,240.58 1 3
cderun/internal/config/path.go:240.58,242.4 1 1
cderun/internal/config/path.go:244.3,247.27 4 2
cderun/internal/config/path.go:247.27,249.4 1 1
cderun/internal/config/path.go:250.3,250.13 1 2
cderun/internal/config/path.go:253.2,253.101 1 1
cderun/internal/config/path.go:256.39,258.2 1 3
cderun/internal/config/path.go:260.51,261.18 1 3
cderun/internal/config/path.go:261.18,263.3 1 1
cderun/internal/config/path.go:265.2,266.53 2 2
cderun/internal/config/path.go:266.53,268.3 1 1
cderun/internal/config/path.go:269.2,269.17 1 2
cderun/internal/config/path.go:272.52,273.25 1 31
cderun/internal/config/path.go:273.25,275.3 1 31
cderun/internal/config/path.go:277.88,279.44 1 42
cderun/internal/config/path.go:279.44,281.3 1 5
cderun/internal/config/path.go:283.2,283.39 1 37
cderun/internal/config/path.go:283.39,285.3 1 4
cderun/internal/config/path.go:287.2,288.16 2 33
cderun/internal/config/path.go:288.16,290.3 1 2
cderun/internal/config/path.go:291.2,292.16 2 31
cderun/internal/config/path.go:292.16,294.3 1 1
cderun/internal/config/path.go:296.2,296.59 1 30
cderun/internal/config/path.go:296.59,298.3 1 3
cderun/internal/config/path.go:299.2,303.8 1 27
cderun/internal/config/path.go:306.52,311.45 2 69
cderun/internal/config/path.go:311.45,313.13 2 178
cderun/internal/config/path.go:313.13,314.26 1 19
cderun/internal/config/path.go:314.26,316.13 2 3
cderun/internal/config/path.go:318.4,318.26 1 16
cderun/internal/config/path.go:318.26,320.13 2 8
cderun/internal/config/path.go:322.4,322.67 1 8
cderun/internal/config/path.go:325.3,325.14 1 159
cderun/internal/config/path.go:326.15,327.18 1 29
cderun/internal/config/path.go:328.24,329.37 1 58
cderun/internal/config/path.go:330.39,331.37 1 59
cderun/internal/config/path.go:332.19,334.18 2 6
cderun/internal/config/path.go:334.18,336.5 1 3
cderun/internal/config/path.go:337.4,337.20 1 3
cderun/internal/config/path.go:338.19,340.18 2 5
cderun/internal/config/path.go:340.18,342.5 1 2
cderun/internal/config/path.go:343.4,343.20 1 3
cderun/internal/config/path.go:344.11,345.146 1 2
cderun/internal/config/path.go:349.2,349.26 1 54
cderun/internal/config/path.go:349.26,351.3 1 3
cderun/internal/config/path.go:353.2,353.17 1 51
cderun/internal/config/path.go:356.55,357.13 1 74
cderun/internal/config/path.go:357.13,359.3 1 2
cderun/internal/config/path.go:361.2,362.9 2 72
cderun/internal/config/path.go:362.9,368.3 1 5
cderun/internal/config/path.go:370.2,374.21 4 67
cderun/internal/config/path.go:374.21,376.26 2 23
cderun/internal/config/path.go:376.26,380.44 3 14
cderun/internal/config/path.go:380.44,382.5 1 2
cderun/internal/config/path.go:383.9,386.4 1 9
cderun/internal/config/path.go:387.8,389.3 1 44
cderun/internal/config/path.go:391.2,391.39 1 56
cderun/internal/config/path.go:391.39,393.3 1 20
cderun/internal/config/path.go:395.2,399.9 1 36
cderun/internal/config/path.go:402.31,404.14 2 912
cderun/internal/config/path.go:404.14,406.3 1 906
cderun/internal/config/path.go:407.2,407.21 1 6
cderun/internal/config/path.go:407.21,409.25 2 23
cderun/internal/config/path.go:409.25,411.4 1 0
cderun/internal/config/path.go:413.2,413.13 1 6
cderun/internal/config/path.go:416.34,417.13 1 44
cderun/internal/config/path.go:417.13,419.3 1 0
cderun/internal/config/path.go:420.2,420.30 1 44
cderun/internal/config/path.go:420.30,422.39 2 103
cderun/internal/config/path.go:422.39,424.4 1 11
cderun/internal/config/path.go:426.2,426.13 1 33
cderun/internal/config/path.go:429.32,430.16 1 96
cderun/internal/config/path.go:430.16,432.3 1 11
cderun/internal/config/path.go:433.2,434.104 2 85
cderun/internal/config/path.go:434.104,436.3 1 10
cderun/internal/config/path.go:437.2,437.14 1 75
cderun/internal/config/path.go:441.83,442.13 1 929
cderun/internal/config/path.go:442.13,444.3 1 1
cderun/internal/config/path.go:446.2,447.29 2 928
cderun/internal/config/path.go:447.29,449.3 1 186
cderun/internal/config/path.go:451.2,452.14 2 928
cderun/internal/config/path.go:452.14,454.17 2 186
cderun/internal/config/path.go:454.17,456.4 1 16
cderun/internal/config/path.go:457.3,457.17 1 170
cderun/internal/config/path.go:458.8,459.32 1 742
cderun/internal/config/path.go:459.32,461.18 2 0
cderun/internal/config/path.go:461.18,463.5 1 0
cderun/internal/config/path.go:464.4,464.29 1 0
cderun/internal/config/path.go:465.9,467.4 1 742
cderun/internal/config/path.go:471.2,471.20 1 912
cderun/internal/config/path.go:471.20,473.3 1 6
cderun/internal/config/path.go:476.2,476.26 1 906
cderun/internal/config/path.go:476.26,478.3 1 34
cderun/internal/config/path.go:480.2,483.65 2 906
cderun/internal/config/path.go:483.65,485.17 2 29
cderun/internal/config/path.go:485.17,487.4 1 7
cderun/internal/config/path.go:488.3,488.16 1 22
cderun/internal/config/path.go:491.2,491.68 1 899
cderun/internal/config/path.go:491.68,493.3 1 31
cderun/internal/config/path.go:495.2,495.14 1 868
cderun/internal/config/path.go:495.14,497.17 2 130
cderun/internal/config/path.go:497.17,499.4 1 0
cderun/internal/config/path.go:500.3,500.24 1 130
cderun/internal/config/path.go:503.2,503.21 1 868
cderun/internal/config/path.go:506.89,507.45 1 18
cderun/internal/config/path.go:507.45,509.3 1 1
cderun/internal/config/path.go:510.2,510.27 1 17
cderun/internal/config/path.go:510.27,512.3 1 3
cderun/internal/config/path.go:514.2,515.14 2 14
cderun/internal/config/path.go:515.14,518.17 3 13
cderun/internal/config/path.go:518.17,520.4 1 3
cderun/internal/config/path.go:523.2,523.53 1 11
cderun/internal/config/path.go:523.53,525.3 1 0
cderun/internal/config/path.go:526.2,526.35 1 11
cderun/internal/config/path.go:526.35,528.3 1 2
cderun/internal/config/path.go:530.2,531.9 2 9
cderun/internal/config/path.go:531.9,532.31 1 3
cderun/internal/config/path.go:532.31,534.4 1 2
cderun/internal/config/path.go:535.3,535.44 1 1
cderun/internal/config/path.go:538.2,538.25 1 6
cderun/internal/config/path.go:538.25,540.3 1 1
cderun/internal/config/path.go:542.2,543.16 2 5
cderun/internal/config/path.go:543.16,545.3 1 0
cderun/internal/config/path.go:546.2,546.41 1 5
cderun/internal/config/path.go:549.89,551.9 2 20
cderun/internal/config/path.go:551.9,552.28 1 6
cderun/internal/config/path.go:552.28,554.4 1 3
cderun/internal/config/path.go:555.3,555.36 1 3
cderun/internal/config/path.go:557.2,557.30 1 14
cderun/internal/config/path.go:557.30,559.3 1 5
cderun/internal/config/path.go:560.2,560.35 1 9
cderun/internal/config/path.go:560.35,562.3 1 1
cderun/internal/config/path.go:563.2,564.16 2 8
cderun/internal/config/path.go:564.16,566.3 1 0
cderun/internal/config/path.go:567.2,567.44 1 8
cderun/internal/config/path.go:570.58,572.18 2 111
cderun/internal/config/path.go:572.18,574.3 1 15
cderun/internal/config/path.go:576.2,576.19 1 96
cderun/internal/config/path.go:576.19,578.20 2 10
cderun/internal/config/path.go:578.20,580.4 1 4
cderun/internal/config/path.go:581.3,581.32 1 6
cderun/internal/config/path.go:584.2,584.39 1 92
cderun/internal/config/path.go:588.37,591.22 3 912
cderun/internal/config/path.go:591.22,593.3 1 864
cderun/internal/config/path.go:594.2,595.27 2 48
cderun/internal/config/path.go:595.27,597.3 1 53
cderun/internal/config/path.go:598.2,598.12 1 48
cderun/internal/config/path.go:602.47,603.29 1 16
cderun/internal/config/path.go:603.29,605.33 2 15
cderun/internal/config/path.go:605.33,606.36 1 30
cderun/internal/config/path.go:606.36,608.10 2 9
cderun/internal/config/path.go:611.3,611.12 1 15
cderun/internal/config/path.go:611.12,613.4 1 5
cderun/internal/config/path.go:615.2,615.14 1 11
cderun/internal/config/path.go:619.40,620.32 1 2585
cderun/internal/config/path.go:620.32,622.3 1 2486
cderun/internal/config/path.go:623.2,624.6 2 99
cderun/internal/config/path.go:624.6,626.14 2 101
cderun/internal/config/path.go:626.14,628.4 1 2
cderun/internal/config/path.go:629.3,632.23 4 99
cderun/internal/config/path.go:632.23,634.4 1 97
cderun/internal/config/path.go:635.3,635.16 1 2
cderun/internal/config/path.go:640.40,642.36 2 18004
cderun/internal/config/path.go:642.36,644.28 2 83649
cderun/internal/config/path.go:644.28,645.9 1 303
cderun/internal/config/path.go:648.2,648.23 1 18004
cderun/internal/config/path.go:648.23,650.3 1 17701
cderun/internal/config/path.go:652.2,652.34 1 303
cderun/internal/config/path.go:652.34,654.26 2 309
cderun/internal/config/path.go:654.26,656.18 2 7
cderun/internal/config/path.go:656.18,658.5 1 7
cderun/internal/config/path.go:660.3,660.27 1 302
cderun/internal/config/path.go:660.27,662.4 1 292
cderun/internal/config/path.go:664.2,664.12 1 4
cderun/internal/config/path.go:668.37,669.13 1 1244
cderun/internal/config/path.go:669.13,671.3 1 1106
cderun/internal/config/path.go:672.2,672.45 1 138
cderun/internal/config/path.go:672.45,674.3 1 14
cderun/internal/config/path.go:675.2,675.118 1 124
cderun/internal/config/path.go:675.118,677.3 1 20
cderun/internal/config/path.go:678.2,678.30 1 104
cderun/internal/config/path.go:678.30,680.56 2 393
cderun/internal/config/path.go:680.56,682.4 1 20
cderun/internal/config/path.go:683.3,683.12 1 373
cderun/internal/config/path.go:683.12,685.62 2 275
cderun/internal/config/path.go:685.62,687.5 1 10
cderun/internal/config/path.go:690.2,690.45 1 74
cderun/internal/config/path.go:690.45,692.22 2 127
cderun/internal/config/path.go:692.22,694.4 1 9
cderun/internal/config/path.go:696.2,696.12 1 65
cderun/internal/config/path.go:700.35,701.13 1 690
cderun/internal/config/path.go:701.13,703.3 1 560
cderun/internal/config/path.go:704.2,704.45 1 130
cderun/internal/config/path.go:704.45,706.3 1 16
cderun/internal/config/path.go:707.2,708.87 1 114
cderun/internal/config/path.go:708.87,710.3 1 21
cderun/internal/config/path.go:711.2,711.30 1 93
cderun/internal/config/path.go:711.30,713.120 2 599
cderun/internal/config/path.go:713.120,715.4 1 17
cderun/internal/config/path.go:716.3,716.12 1 582
cderun/internal/config/path.go:716.12,718.89 2 489
cderun/internal/config/path.go:718.89,720.5 1 9
cderun/internal/config/path.go:723.2,723.12 1 67
cderun/internal/config/path.go:727.39,728.13 1 75
cderun/internal/config/path.go:728.13,730.3 1 4
cderun/internal/config/path.go:731.2,731.45 1 71
cderun/internal/config/path.go:731.45,733.3 1 10
cderun/internal/config/path.go:734.2,734.26 1 61
cderun/internal/config/path.go:734.26,736.3 1 17
cderun/internal/config/path.go:737.2,737.12 1 44
cderun/internal/config/path.go:740.102,744.40 3 912
cderun/internal/config/path.go:744.40,746.3 1 847
cderun/internal/config/path.go:748.2,749.34 2 65
cderun/internal/config/path.go:749.34,751.17 2 2
cderun/internal/config/path.go:751.17,753.4 1 2
cderun/internal/config/path.go:754.3,754.18 1 0
cderun/internal/config/path.go:756.2,758.62 2 63
cderun/internal/config/path.go:758.62,759.23 1 63
cderun/internal/config/path.go:759.23,761.4 1 10
cderun/internal/config/path.go:762.3,762.55 1 53
cderun/internal/config/path.go:762.55,764.4 1 0
cderun/internal/config/path.go:766.3,767.17 2 53
cderun/internal/config/path.go:767.17,769.4 1 1
cderun/internal/config/path.go:770.3,773.17 3 52
cderun/internal/config/path.go:773.17,775.4 1 0
cderun/internal/config/path.go:777.3,777.77 1 52
cderun/internal/config/path.go:777.77,779.4 1 22
cderun/internal/config/path.go:780.3,780.13 1 30
cderun/internal/config/path.go:783.2,783.14 1 63
cderun/internal/config/path.go:783.14,785.15 2 15
cderun/internal/config/path.go:785.15,787.4 1 12
cderun/internal/config/path.go:787.9,789.18 2 3
cderun/internal/config/path.go:789.18,791.5 1 1
cderun/internal/config/path.go:792.4,792.21 1 2
cderun/internal/config/path.go:794.3,794.58 1 14
cderun/internal/config/path.go:794.58,796.4 1 6
cderun/internal/config/path.go:799.2,799.26 1 56
cderun/internal/config/path.go:799.26,800.15 1 48
cderun/internal/config/path.go:800.15,802.4 1 2
cderun/internal/config/path.go:803.3,803.19 1 46
cderun/internal/config/path.go:806.2,806.37 1 54
cderun/internal/config/path.go:806.37,818.17 4 50
cderun/internal/config/path.go:818.17,820.4 1 0
cderun/internal/config/path.go:821.3,822.79 2 50
cderun/internal/config/path.go:822.79,824.4 1 1
cderun/internal/config/path.go:825.3,825.61 1 49
cderun/internal/config/path.go:825.61,827.4 1 27
cderun/internal/config/path.go:830.2,830.12 1 26
cderun/internal/config/path.go:833.37,835.2 1 2283
cderun/internal/config/path.go:837.32,839.2 1 1957
cderun/internal/config/path.go:842.37,843.13 1 343
cderun/internal/config/path.go:843.13,845.3 1 17
cderun/internal/config/path.go:846.2,846.30 1 326
cderun/internal/config/path.go:846.30,848.13 2 2283
cderun/internal/config/path.go:848.13,849.29 1 326
cderun/internal/config/path.go:849.29,851.5 1 15
cderun/internal/config/path.go:852.9,853.24 1 1957
cderun/internal/config/path.go:853.24,855.5 1 59
cderun/internal/config/path.go:858.2,858.12 1 252
cderun/internal/config/path.go:862.40,863.13 1 708
cderun/internal/config/path.go:863.13,865.3 1 12
cderun/internal/config/path.go:866.2,866.45 1 696
cderun/internal/config/path.go:866.45,868.3 1 9
cderun/internal/config/path.go:869.2,869.27 1 687
cderun/internal/config/path.go:869.27,871.3 1 3
cderun/internal/config/path.go:872.2,872.89 1 684
cderun/internal/config/path.go:872.89,874.3 1 20
cderun/internal/config/path.go:877.2,878.30 2 664
cderun/internal/config/path.go:878.30,880.13 2 5317
cderun/internal/config/path.go:880.13,881.76 1 664
cderun/internal/config/path.go:881.76,883.5 1 4
cderun/internal/config/path.go:884.9,886.74 1 4653
cderun/internal/config/path.go:886.74,888.5 1 8
cderun/internal/config/path.go:889.4,889.16 1 4645
cderun/internal/config/path.go:889.16,891.5 1 24
cderun/internal/config/path.go:892.4,893.31 2 4645
cderun/internal/config/path.go:893.31,893.74 1 4812
cderun/internal/config/path.go:894.4,894.31 1 4645
cderun/internal/config/path.go:894.31,896.5 1 18
cderun/internal/config/path.go:899.2,899.17 1 634
cderun/internal/config/path.go:899.17,901.3 1 3
cderun/internal/config/path.go:902.2,902.12 1 631
cderun/internal/config/path.go:905.37,906.13 1 144
cderun/internal/config/path.go:906.13,908.3 1 0
cderun/internal/config/path.go:909.2,909.18 1 144
cderun/internal/config/path.go:909.18,911.3 1 0
cderun/internal/config/path.go:913.2,914.6 2 144
cderun/internal/config/path.go:914.6,917.16 3 211
cderun/internal/config/path.go:917.16,919.4 1 134
cderun/internal/config/path.go:919.9,921.4 1 77
cderun/internal/config/path.go:923.3,923.41 1 211
cderun/internal/config/path.go:923.41,925.4 1 10
cderun/internal/config/path.go:928.3,929.99 2 201
cderun/internal/config/path.go:929.99,931.4 1 10
cderun/internal/config/path.go:932.3,933.93 2 191
cderun/internal/config/path.go:933.93,935.4 1 9
cderun/internal/config/path.go:938.3,938.37 1 182
cderun/internal/config/path.go:938.37,940.88 2 672
cderun/internal/config/path.go:940.88,942.5 1 16
cderun/internal/config/path.go:945.3,945.16 1 166
cderun/internal/config/path.go:945.16,946.9 1 99
cderun/internal/config/path.go:948.3,948.19 1 67
cderun/internal/config/path.go:950.2,950.13 1 99
cderun/internal/config/path.go:954.39,955.13 1 710
cderun/internal/config/path.go:955.13,957.3 1 548
cderun/internal/config/path.go:958.2,958.45 1 162
cderun/internal/config/path.go:958.45,960.3 1 16
cderun/internal/config/path.go:961.2,961.18 1 146
cderun/internal/config/path.go:961.18,963.3 1 2
cderun/internal/config/path.go:964.2,964.25 1 144
cderun/internal/config/path.go:964.25,966.3 1 45
cderun/internal/config/path.go:967.2,967.12 1 99
cderun/internal/config/path.go:971.42,972.13 1 619
cderun/internal/config/path.go:972.13,974.3 1 18
cderun/internal/config/path.go:975.2,975.45 1 601
cderun/internal/config/path.go:975.45,977.3 1 8
cderun/internal/config/path.go:978.2,978.27 1 593
cderun/internal/config/path.go:978.27,980.3 1 7
cderun/internal/config/path.go:981.2,981.58 1 586
cderun/internal/config/path.go:981.58,982.54 1 5
cderun/internal/config/path.go:982.54,984.4 1 1
cderun/internal/config/path.go:985.3,985.36 1 4
cderun/internal/config/path.go:985.36,987.112 2 40
cderun/internal/config/path.go:987.112,989.5 1 1
cderun/internal/config/path.go:991.3,991.13 1 3
cderun/internal/config/path.go:993.2,993.51 1 581
cderun/internal/config/path.go:993.51,994.19 1 7
cderun/internal/config/path.go:994.19,996.4 1 1
cderun/internal/config/path.go:997.3,997.33 1 6
cderun/internal/config/path.go:997.33,999.4 1 0
cderun/internal/config/path.go:1000.3,1000.26 1 6
cderun/internal/config/path.go:1000.26,1002.4 1 2
cderun/internal/config/path.go:1003.3,1003.51 1 4
cderun/internal/config/path.go:1003.51,1005.4 1 0
cderun/internal/config/path.go:1006.3,1006.13 1 4
cderun/internal/config/path.go:1009.2,1009.30 1 574
cderun/internal/config/path.go:1009.30,1011.13 2 3435
cderun/internal/config/path.go:1011.13,1012.76 1 574
cderun/internal/config/path.go:1012.76,1014.5 1 8
cderun/internal/config/path.go:1015.9,1017.38 1 2861
cderun/internal/config/path.go:1017.38,1019.5 1 8
cderun/internal/config/path.go:1022.2,1022.12 1 558
cderun/internal/config/path.go:1025.37,1026.13 1 56
cderun/internal/config/path.go:1026.13,1028.3 1 0
cderun/internal/config/path.go:1030.2,1031.30 2 56
cderun/internal/config/path.go:1031.30,1033.25 2 119
cderun/internal/config/path.go:1033.25,1035.9 2 40
cderun/internal/config/path.go:1038.2,1038.15 1 56
cderun/internal/config/path.go:1038.15,1041.3 2 16
cderun/internal/config/path.go:1044.2,1045.50 2 40
cderun/internal/config/path.go:1045.50,1047.3 1 1
cderun/internal/config/path.go:1048.2,1048.30 1 39
cderun/internal/config/path.go:1048.30,1050.32 2 173
cderun/internal/config/path.go:1050.32,1051.9 1 5
cderun/internal/config/path.go:1053.3,1053.75 1 168
cderun/internal/config/path.go:1053.75,1055.4 1 6
cderun/internal/config/path.go:1057.2,1057.13 1 33
cderun/internal/config/path.go:1060.38,1061.13 1 84
cderun/internal/config/path.go:1061.13,1063.3 1 0
cderun/internal/config/path.go:1065.2,1066.30 2 84
cderun/internal/config/path.go:1066.30,1068.25 2 211
cderun/internal/config/path.go:1068.25,1070.9 2 54
cderun/internal/config/path.go:1073.2,1073.15 1 84
cderun/internal/config/path.go:1073.15,1076.3 2 30
cderun/internal/config/path.go:1079.2,1080.82 2 54
cderun/internal/config/path.go:1080.82,1082.3 1 1
cderun/internal/config/path.go:1083.2,1083.30 1 53
cderun/internal/config/path.go:1083.30,1085.32 2 273
cderun/internal/config/path.go:1085.32,1086.9 1 5
cderun/internal/config/path.go:1088.3,1088.99 1 268
cderun/internal/config/path.go:1088.99,1090.4 1 14
cderun/internal/config/path.go:1092.2,1092.13 1 39
cderun/internal/config/path.go:1096.39,1097.13 1 624
cderun/internal/config/path.go:1097.13,1099.3 1 550
cderun/internal/config/path.go:1100.2,1100.45 1 74
cderun/internal/config/path.go:1100.45,1102.3 1 11
cderun/internal/config/path.go:1103.2,1104.46 2 63
cderun/internal/config/path.go:1104.46,1106.3 1 7
cderun/internal/config/path.go:1107.2,1107.28 1 56
cderun/internal/config/path.go:1107.28,1109.3 1 9
cderun/internal/config/path.go:1110.2,1110.42 1 47
cderun/internal/config/path.go:1110.42,1112.3 1 2
cderun/internal/config/path.go:1113.2,1113.12 1 45
cderun/internal/config/path.go:1116.64,1118.16 2 302
cderun/internal/config/path.go:1118.16,1120.3 1 63
cderun/internal/config/path.go:1121.2,1121.24 1 239
cderun/internal/config/path.go:1121.24,1123.3 1 18
cderun/internal/config/path.go:1124.2,1124.26 1 221
cderun/internal/config/path.go:1124.26,1126.3 1 10
cderun/internal/config/path.go:1127.2,1127.15 1 211
cderun/internal/config/path.go:1130.73,1131.16 1 174
cderun/internal/config/path.go:1131.16,1133.3 1 2
cderun/internal/config/path.go:1134.2,1134.60 1 172
cderun/internal/config/path.go:1134.60,1136.17 2 25
cderun/internal/config/path.go:1136.17,1138.4 1 3
cderun/internal/config/path.go:1139.3,1140.17 2 22
cderun/internal/config/path.go:1140.17,1142.4 1 1
cderun/internal/config/path.go:1143.3,1143.18 1 21
cderun/internal/config/path.go:1143.18,1145.4 1 1
cderun/internal/config/path.go:1146.3,1146.25 1 20
cderun/internal/config/path.go:1148.2,1149.16 2 147
cderun/internal/config/path.go:1149.16,1151.3 1 50
cderun/internal/config/path.go:1152.2,1152.18 1 97
cderun/internal/config/path.go:1157.35,1158.13 1 124
cderun/internal/config/path.go:1158.13,1160.3 1 4
cderun/internal/config/path.go:1161.2,1161.45 1 120
cderun/internal/config/path.go:1161.45,1163.3 1 3
cderun/internal/config/path.go:1165.2,1167.57 3 117
cderun/internal/config/path.go:1167.57,1170.39 3 21
cderun/internal/config/path.go:1170.39,1172.4 1 7
cderun/internal/config/path.go:1175.2,1176.20 2 110
cderun/internal/config/path.go:1177.9,1179.68 1 31
cderun/internal/config/path.go:1179.68,1181.4 1 17
cderun/internal/config/path.go:1182.9,1185.17 2 48
cderun/internal/config/path.go:1185.17,1187.4 1 10
cderun/internal/config/path.go:1189.3,1189.76 1 38
cderun/internal/config/path.go:1189.76,1190.74 1 26
cderun/internal/config/path.go:1190.74,1192.5 1 4
cderun/internal/config/path.go:1193.9,1195.128 1 12
cderun/internal/config/path.go:1195.129,1197.5 0 2
cderun/internal/config/path.go:1197.10,1197.43 1 10
cderun/internal/config/path.go:1197.43,1199.5 1 6
cderun/internal/config/path.go:1201.9,1204.17 2 26
cderun/internal/config/path.go:1204.17,1206.4 1 4
cderun/internal/config/path.go:1207.3,1207.21 1 22
cderun/internal/config/path.go:1207.21,1209.18 2 19
cderun/internal/config/path.go:1209.18,1211.5 1 4
cderun/internal/config/path.go:1212.4,1212.74 1 15
cderun/internal/config/path.go:1212.74,1214.5 1 0
cderun/internal/config/path.go:1216.3,1216.35 1 18
cderun/internal/config/path.go:1216.35,1218.4 1 4
cderun/internal/config/path.go:1219.10,1220.50 1 5
cderun/internal/config/path.go:1223.2,1223.12 1 56
cderun/internal/config/path.go:1227.34,1228.13 1 31
cderun/internal/config/path.go:1228.13,1230.3 1 4
cderun/internal/config/path.go:1231.2,1231.45 1 27
cderun/internal/config/path.go:1231.45,1233.3 1 2
cderun/internal/config/path.go:1234.2,1234.27 1 25
cderun/internal/config/path.go:1234.27,1236.3 1 10
cderun/internal/config/path.go:1237.2,1237.12 1 15
cderun/internal/config/path.go:1241.38,1242.13 1 78
cderun/internal/config/path.go:1242.13,1244.3 1 6
cderun/internal/config/path.go:1245.2,1245.45 1 72
cderun/internal/config/path.go:1245.45,1247.3 1 6
cderun/internal/config/path.go:1248.2,1249.21 2 66
cderun/internal/config/path.go:1249.21,1251.3 1 7
cderun/internal/config/path.go:1252.2,1252.20 1 59
cderun/internal/config/path.go:1252.20,1254.3 1 10
cderun/internal/config/path.go:1255.2,1255.51 1 49
cderun/internal/config/path.go:1255.51,1257.3 1 5
cderun/internal/config/path.go:1258.2,1258.64 1 44
cderun/internal/config/path.go:1258.64,1260.3 1 15
cderun/internal/config/path.go:1261.2,1261.12 1 29
cderun/internal/config/path.go:1264.39,1265.13 1 83
cderun/internal/config/path.go:1265.13,1267.3 1 0
cderun/internal/config/path.go:1268.2,1269.32 2 83
cderun/internal/config/path.go:1269.32,1271.3 1 7
cderun/internal/config/path.go:1272.2,1273.62 2 76
cderun/internal/config/path.go:1273.62,1275.3 1 8
cderun/internal/config/path.go:1276.2,1276.32 1 68
cderun/internal/config/path.go:1276.32,1278.63 2 467
cderun/internal/config/path.go:1278.63,1280.4 1 5
cderun/internal/config/path.go:1281.3,1281.32 1 462
cderun/internal/config/path.go:1281.32,1283.4 1 2
cderun/internal/config/path.go:1285.2,1285.13 1 61
cderun/internal/config/path.go:1289.41,1290.13 1 94
cderun/internal/config/path.go:1290.13,1292.3 1 5
cderun/internal/config/path.go:1293.2,1293.45 1 89
cderun/internal/config/path.go:1293.45,1295.3 1 6
cderun/internal/config/path.go:1296.2,1296.27 1 83
cderun/internal/config/path.go:1296.27,1298.3 1 22
cderun/internal/config/path.go:1299.2,1299.12 1 61
cderun/internal/config/path.go:1302.41,1303.32 1 70
cderun/internal/config/path.go:1303.32,1305.3 1 0
cderun/internal/config/path.go:1306.2,1306.30 1 70
cderun/internal/config/path.go:1306.30,1308.147 2 876
cderun/internal/config/path.go:1308.147,1310.4 1 15
cderun/internal/config/path.go:1312.2,1312.13 1 55
cderun/internal/config/path.go:1316.38,1317.13 1 637
cderun/internal/config/path.go:1317.13,1319.3 1 543
cderun/internal/config/path.go:1320.2,1320.45 1 94
cderun/internal/config/path.go:1320.45,1322.3 1 11
cderun/internal/config/path.go:1323.2,1323.20 1 83
cderun/internal/config/path.go:1323.20,1325.3 1 13
cderun/internal/config/path.go:1326.2,1326.29 1 70
cderun/internal/config/path.go:1326.29,1328.3 1 15
cderun/internal/config/path.go:1329.2,1329.27 1 55
cderun/internal/config/path.go:1329.27,1331.3 1 12
cderun/internal/config/path.go:1332.2,1332.12 1 43
cderun/internal/config/path.go:1336.41,1337.13 1 96
cderun/internal/config/path.go:1337.13,1339.3 1 6
cderun/internal/config/path.go:1340.2,1340.45 1 90
cderun/internal/config/path.go:1340.45,1342.3 1 3
cderun/internal/config/path.go:1344.2,1346.57 3 87
cderun/internal/config/path.go:1346.57,1349.39 3 33
cderun/internal/config/path.go:1349.39,1351.4 1 10
cderun/internal/config/path.go:1354.2,1354.65 1 77
cderun/internal/config/path.go:1354.65,1356.17 2 44
cderun/internal/config/path.go:1356.17,1358.4 1 13
cderun/internal/config/path.go:1359.3,1360.17 2 31
cderun/internal/config/path.go:1360.17,1362.4 1 12
cderun/internal/config/path.go:1363.3,1363.18 1 19
cderun/internal/config/path.go:1363.18,1365.4 1 6
cderun/internal/config/path.go:1366.8,1366.71 1 33
cderun/internal/config/path.go:1366.71,1368.3 1 12
cderun/internal/config/path.go:1370.2,1370.12 1 34
cderun/internal/config/path.go:1376.42,1377.48 1 853
cderun/internal/config/path.go:1377.48,1379.3 1 19
cderun/internal/config/path.go:1380.2,1380.16 1 834
cderun/internal/config/path.go:1380.16,1382.3 1 13
cderun/internal/config/path.go:1383.2,1383.26 1 821
cderun/internal/config/path.go:1383.26,1385.3 1 6
cderun/internal/config/path.go:1387.2,1387.25 1 815
cderun/internal/config/path.go:1387.25,1388.111 1 2455
cderun/internal/config/path.go:1388.111,1390.4 1 49
cderun/internal/config/path.go:1395.2,1395.33 1 766
cderun/internal/config/path.go:1395.33,1397.3 1 12
cderun/internal/config/path.go:1399.2,1399.12 1 754
cderun/internal/config/path.go:1402.35,1403.13 1 26
cderun/internal/config/path.go:1403.13,1405.3 1 2
cderun/internal/config/path.go:1406.2,1406.27 1 24
cderun/internal/config/path.go:1406.27,1408.3 1 1
cderun/internal/config/path.go:1409.2,1409.99 1 23
cderun/internal/config/path.go:1414.40,1415.13 1 144
cderun/internal/config/path.go:1415.13,1417.3 1 8
cderun/internal/config/path.go:1418.2,1418.45 1 136
cderun/internal/config/path.go:1418.45,1420.3 1 30
cderun/internal/config/path.go:1421.2,1421.27 1 106
cderun/internal/config/path.go:1421.27,1423.3 1 6
cderun/internal/config/path.go:1424.2,1424.30 1 100
cderun/internal/config/path.go:1424.30,1426.132 2 748
cderun/internal/config/path.go:1426.132,1428.4 1 16
cderun/internal/config/path.go:1430.2,1430.12 1 84
cderun/internal/config/path.go:1434.42,1435.13 1 127
cderun/internal/config/path.go:1435.13,1437.3 1 7
cderun/internal/config/path.go:1438.2,1438.27 1 120
cderun/internal/config/path.go:1438.27,1440.3 1 6
cderun/internal/config/path.go:1441.2,1441.30 1 114
cderun/internal/config/path.go:1441.30,1444.99 2 1742
cderun/internal/config/path.go:1444.99,1446.4 1 35
cderun/internal/config/path.go:1448.2,1448.12 1 79
cderun/internal/config/path.go:1452.40,1453.13 1 120
cderun/internal/config/path.go:1453.13,1455.3 1 10
cderun/internal/config/path.go:1456.2,1456.45 1 110
cderun/internal/config/path.go:1456.45,1458.3 1 13
cderun/internal/config/path.go:1459.2,1459.89 1 97
cderun/internal/config/path.go:1459.89,1461.3 1 26
cderun/internal/config/path.go:1462.2,1462.30 1 71
cderun/internal/config/path.go:1462.30,1464.120 2 1117
cderun/internal/config/path.go:1464.120,1466.4 1 15
cderun/internal/config/path.go:1468.2,1468.12 1 56
cderun/internal/config/path.go:1472.42,1473.45 1 102
cderun/internal/config/path.go:1473.45,1475.3 1 27
cderun/internal/config/path.go:1476.2,1476.30 1 75
cderun/internal/config/path.go:1476.30,1479.62 2 300
cderun/internal/config/path.go:1479.62,1481.4 1 7
cderun/internal/config/path.go:1483.2,1483.12 1 68
cderun/internal/config/registry.go:82.39,84.4 1 216
cderun/internal/config/registry.go:85.43,87.4 1 248
cderun/internal/config/registry.go:95.39,97.4 1 215
cderun/internal/config/registry.go:98.43,100.4 1 247
cderun/internal/config/registry.go:108.39,110.4 1 216
cderun/internal/config/registry.go:111.43,113.4 1 248
cderun/internal/config/registry.go:122.43,124.4 1 211
cderun/internal/config/registry.go:125.47,127.4 1 246
cderun/internal/config/registry.go:137.43,139.4 1 0
cderun/internal/config/registry.go:140.47,142.4 1 0
cderun/internal/config/registry.go:158.43,160.4 1 216
cderun/internal/config/registry.go:161.47,163.4 1 248
cderun/internal/config/registry.go:169.43,171.4 1 216
cderun/internal/config/registry.go:172.47,174.4 1 248
cderun/internal/config/registry.go:180.43,182.4 1 216
cderun/internal/config/registry.go:183.47,185.4 1 248
cderun/internal/config/registry.go:192.43,194.4 1 216
cderun/internal/config/registry.go:195.47,197.4 1 248
cderun/internal/config/registry.go:204.43,206.4 1 216
cderun/internal/config/registry.go:207.47,209.4 1 248
cderun/internal/config/registry.go:216.43,218.4 1 215
cderun/internal/config/registry.go:219.47,221.4 1 247
cderun/internal/config/registry.go:228.43,230.4 1 216
cderun/internal/config/registry.go:231.47,233.4 1 248
cderun/internal/config/registry.go:240.43,242.4 1 0
cderun/internal/config/registry.go:243.47,245.4 1 0
cderun/internal/config/registry.go:252.43,254.4 1 216
cderun/internal/config/registry.go:255.47,257.4 1 248
cderun/internal/config/registry.go:270.43,272.4 1 224
cderun/internal/config/registry.go:273.47,275.4 1 252
cderun/internal/config/registry.go:283.43,285.4 1 214
cderun/internal/config/registry.go:286.47,288.4 1 246
cderun/internal/config/registry.go:295.43,297.4 1 215
cderun/internal/config/registry.go:298.47,300.4 1 247
cderun/internal/config/registry.go:307.43,309.4 1 215
cderun/internal/config/registry.go:310.47,312.4 1 247
cderun/internal/config/registry.go:322.41,324.4 1 218
cderun/internal/config/registry.go:325.45,327.4 1 242
cderun/internal/config/registry.go:333.45,335.4 1 0
cderun/internal/config/registry.go:342.41,344.4 1 0
cderun/internal/config/registry.go:345.45,347.4 1 0
cderun/internal/config/registry.go:354.41,356.4 1 0
cderun/internal/config/registry.go:357.45,359.4 1 0
cderun/internal/config/registry.go:366.41,368.4 1 24
cderun/internal/config/registry.go:374.41,376.4 1 223
cderun/internal/config/registry.go:377.45,379.4 1 251
cderun/internal/config/registry.go:385.45,387.4 1 248
cderun/internal/config/registry.go:393.41,395.4 1 219
cderun/internal/config/registry.go:396.45,398.4 1 246
cderun/internal/config/registry.go:405.41,407.4 1 220
cderun/internal/config/registry.go:408.45,410.4 1 246
cderun/internal/config/registry.go:416.41,418.4 1 0
cderun/internal/config/registry.go:419.45,421.4 1 0
cderun/internal/config/registry.go:440.41,442.4 1 221
cderun/internal/config/registry.go:443.45,445.4 1 248
cderun/internal/config/registry.go:452.41,454.4 1 221
cderun/internal/config/registry.go:455.45,457.4 1 248
cderun/internal/config/registry.go:464.41,466.4 1 221
cderun/internal/config/registry.go:467.45,469.4 1 248
cderun/internal/config/registry.go:476.41,478.4 1 219
cderun/internal/config/registry.go:479.45,481.4 1 252
cderun/internal/config/registry.go:488.41,490.4 1 221
cderun/internal/config/registry.go:491.45,493.4 1 248
cderun/internal/config/registry.go:500.41,502.4 1 217
cderun/internal/config/registry.go:503.45,505.4 1 252
cderun/internal/config/registry.go:514.41,516.4 1 221
cderun/internal/config/registry.go:517.45,519.4 1 248
cderun/internal/config/registry.go:526.41,528.4 1 221
cderun/internal/config/registry.go:529.45,531.4 1 248
cderun/internal/config/registry.go:538.41,540.4 1 221
cderun/internal/config/registry.go:541.45,543.4 1 248
cderun/internal/config/registry.go:550.41,552.4 1 221
cderun/internal/config/registry.go:553.45,555.4 1 248
cderun/internal/config/registry.go:562.41,564.4 1 221
cderun/internal/config/registry.go:565.45,567.4 1 252
cderun/internal/config/registry.go:576.41,578.4 1 220
cderun/internal/config/registry.go:579.45,581.4 1 247
cderun/internal/config/registry.go:589.41,591.4 1 221
cderun/internal/config/registry.go:592.45,594.4 1 248
cderun/internal/config/registry.go:602.41,604.4 1 221
cderun/internal/config/registry.go:605.45,607.4 1 248
cderun/internal/config/registry.go:615.41,617.4 1 221
cderun/internal/config/registry.go:618.45,620.4 1 248
cderun/internal/config/registry.go:628.41,630.4 1 221
cderun/internal/config/registry.go:631.45,633.4 1 248
cderun/internal/config/registry.go:641.41,643.4 1 220
cderun/internal/config/registry.go:644.45,646.4 1 247
cderun/internal/config/registry.go:657.40,659.4 1 211
cderun/internal/config/registry.go:660.44,662.4 1 244
cderun/internal/config/registry.go:670.40,672.4 1 219
cderun/internal/config/registry.go:673.44,675.4 1 248
cderun/internal/config/registry.go:681.40,683.4 1 221
cderun/internal/config/registry.go:684.44,686.4 1 252
cderun/internal/config/registry.go:692.40,694.4 1 220
cderun/internal/config/registry.go:695.44,697.4 1 252
cderun/internal/config/registry.go:703.40,705.4 1 221
[...]
cderun/internal/command/root.go:1232.9,1235.25 2 3
cderun/internal/command/root.go:1235.25,1237.5 1 1
cderun/internal/command/root.go:1238.4,1238.26 1 2
cderun/internal/command/root.go:1242.2,1243.22 2 127
cderun/internal/command/root.go:1246.65,1248.55 2 275
cderun/internal/command/root.go:1248.55,1250.3 1 4
cderun/internal/command/root.go:1251.2,1251.38 1 275
cderun/internal/command/root.go:1251.38,1253.3 1 13
cderun/internal/command/root.go:1254.2,1254.45 1 275
cderun/internal/command/root.go:1254.45,1256.3 1 6
cderun/internal/command/root.go:1259.2,1260.110 2 275
cderun/internal/command/root.go:1260.110,1262.3 1 4
cderun/internal/command/root.go:1264.2,1265.56 2 271
cderun/internal/command/root.go:1265.56,1267.3 1 1
cderun/internal/command/root.go:1268.2,1268.39 1 271
cderun/internal/command/root.go:1268.39,1270.3 1 1
cderun/internal/command/root.go:1271.2,1271.46 1 271
cderun/internal/command/root.go:1271.46,1273.3 1 1
cderun/internal/command/root.go:1276.2,1277.42 2 271
cderun/internal/command/root.go:1277.42,1279.3 1 3
cderun/internal/command/root.go:1281.2,1282.59 2 268
cderun/internal/command/root.go:1282.59,1284.17 2 4
cderun/internal/command/root.go:1284.17,1286.4 1 2
cderun/internal/command/root.go:1287.3,1287.23 1 2
cderun/internal/command/root.go:1289.2,1289.42 1 266
cderun/internal/command/root.go:1289.42,1291.3 1 2
cderun/internal/command/root.go:1292.2,1292.49 1 266
cderun/internal/command/root.go:1292.49,1294.3 1 1
cderun/internal/command/root.go:1296.2,1296.85 1 266
cderun/internal/command/root.go:1296.85,1298.3 1 0
cderun/internal/command/root.go:1299.2,1299.12 1 266
cderun/internal/command/root.go:1302.48,1314.65 3 366
cderun/internal/command/root.go:1314.65,1315.18 1 273
cderun/internal/command/root.go:1315.18,1317.4 1 1
cderun/internal/command/root.go:1318.3,1318.28 1 273
cderun/internal/command/root.go:1318.28,1320.4 1 182
cderun/internal/command/root.go:1322.2,1322.59 1 366
cderun/internal/command/root.go:1322.59,1325.48 1 271
cderun/internal/command/root.go:1325.48,1327.4 1 6
cderun/internal/command/root.go:1330.3,1331.17 2 265
cderun/internal/command/root.go:1331.17,1333.4 1 3
cderun/internal/command/root.go:1335.3,1337.20 3 262
cderun/internal/command/root.go:1337.20,1340.4 2 242
cderun/internal/command/root.go:1343.3,1344.17 2 262
cderun/internal/command/root.go:1344.17,1346.4 1 16
cderun/internal/command/root.go:1349.3,1349.24 1 246
cderun/internal/command/root.go:1350.37,1350.37 0 246
cderun/internal/command/root.go:1352.11,1353.120 1 0
cderun/internal/command/root.go:1356.3,1356.25 1 246
cderun/internal/command/root.go:1356.25,1358.4 1 8
cderun/internal/command/root.go:1360.3,1360.54 1 238
cderun/internal/command/root.go:1360.54,1362.4 1 5
cderun/internal/command/root.go:1364.3,1364.23 1 233
cderun/internal/command/root.go:1364.23,1365.23 1 11
cderun/internal/command/root.go:1365.23,1367.5 1 5
cderun/internal/command/root.go:1368.4,1368.21 1 6
cderun/internal/command/root.go:1372.3,1372.101 1 222
cderun/internal/command/root.go:1372.101,1374.4 1 0
cderun/internal/command/root.go:1376.3,1381.17 4 222
cderun/internal/command/root.go:1381.17,1383.4 1 2
cderun/internal/command/root.go:1385.3,1385.22 1 220
cderun/internal/command/root.go:1385.22,1387.4 1 60
cderun/internal/command/root.go:1390.3,1393.75 4 160
cderun/internal/command/root.go:1393.75,1396.24 2 11
cderun/internal/command/root.go:1396.24,1398.5 1 7
cderun/internal/command/root.go:1399.4,1400.18 2 11
cderun/internal/command/root.go:1400.18,1401.23 1 3
cderun/internal/command/root.go:1401.23,1403.6 1 2
cderun/internal/command/root.go:1404.5,1404.56 1 1
cderun/internal/command/root.go:1405.10,1408.18 3 8
cderun/internal/command/root.go:1408.18,1409.27 1 8
cderun/internal/command/root.go:1409.27,1411.48 2 1
cderun/internal/command/root.go:1411.48,1413.8 1 0
cderun/internal/command/root.go:1415.6,1416.63 2 8
cderun/internal/command/root.go:1416.63,1418.7 1 1
cderun/internal/command/root.go:1421.5,1428.35 2 8
cderun/internal/command/root.go:1428.35,1436.6 2 2
cderun/internal/command/root.go:1441.3,1442.17 2 158
cderun/internal/command/root.go:1442.17,1444.32 2 27
cderun/internal/command/root.go:1444.32,1446.5 1 26
cderun/internal/command/root.go:1447.4,1447.46 1 1
cderun/internal/command/root.go:1449.3,1449.20 1 131
cderun/internal/command/root.go:1449.20,1451.4 1 11
cderun/internal/command/root.go:1452.3,1452.13 1 120
cderun/internal/command/root.go:1455.2,1458.12 3 366
cderun/internal/command/root.go:1463.38,1465.2 1 1
cderun/internal/command/root.go:1468.66,1470.2 1 2
cderun/internal/command/root.go:1474.125,1484.18 5 272
cderun/internal/command/root.go:1484.18,1488.3 2 270
cderun/internal/command/root.go:1490.2,1491.16 2 272
cderun/internal/command/root.go:1491.16,1493.3 1 9
cderun/internal/command/root.go:1494.2,1494.20 1 263
cderun/internal/command/root.go:1494.20,1496.3 1 259
cderun/internal/command/root.go:1496.8,1498.3 1 4
cderun/internal/command/root.go:1499.2,1499.32 1 263
cderun/internal/command/root.go:1502.74,1503.20 1 356
cderun/internal/command/root.go:1503.20,1505.3 1 5
cderun/internal/command/root.go:1507.2,1512.36 4 351
cderun/internal/command/root.go:1512.36,1513.66 1 261
cderun/internal/command/root.go:1513.66,1515.4 1 10
cderun/internal/command/root.go:1518.2,1519.16 2 341
cderun/internal/command/root.go:1519.16,1521.3 1 66
cderun/internal/command/root.go:1521.8,1523.3 1 275
cderun/internal/command/root.go:1525.2,1526.16 2 341
cderun/internal/command/root.go:1526.16,1528.3 1 9
cderun/internal/command/root.go:1530.2,1532.16 2 332
cderun/internal/command/root.go:1532.16,1534.3 1 65
cderun/internal/command/root.go:1536.2,1538.27 2 332
cderun/internal/command/root.go:1541.82,1542.16 1 352
cderun/internal/command/root.go:1542.16,1544.3 1 66
cderun/internal/command/root.go:1546.2,1546.33 1 286
cderun/internal/command/root.go:1546.33,1548.35 2 680
cderun/internal/command/root.go:1548.35,1550.4 1 262
cderun/internal/command/root.go:1552.3,1552.35 1 418
cderun/internal/command/root.go:1552.35,1555.16 3 382
cderun/internal/command/root.go:1555.16,1557.5 1 1
cderun/internal/command/root.go:1558.4,1558.70 1 382
cderun/internal/command/root.go:1558.70,1561.5 1 275
cderun/internal/command/root.go:1562.9,1562.26 1 36
cderun/internal/command/root.go:1562.26,1567.16 3 36
cderun/internal/command/root.go:1567.16,1569.5 1 2
cderun/internal/command/root.go:1570.4,1570.39 1 36
cderun/internal/command/root.go:1570.39,1573.5 1 13
cderun/internal/command/root.go:1576.2,1576.11 1 24
cderun/internal/command/root.go:1579.66,1580.33 1 261
cderun/internal/command/root.go:1580.33,1581.46 1 654
cderun/internal/command/root.go:1581.46,1583.4 1 10
cderun/internal/command/root.go:1585.2,1585.12 1 251
cderun/internal/command/root.go:1588.137,1594.36 3 342
cderun/internal/command/root.go:1594.36,1597.3 2 252
cderun/internal/command/root.go:1598.2,1598.19 1 342
cderun/internal/command/root.go:1598.19,1600.3 1 0
cderun/internal/command/root.go:1601.2,1606.36 4 342
cderun/internal/command/root.go:1606.36,1608.35 1 252
cderun/internal/command/root.go:1608.35,1610.4 1 891
cderun/internal/command/root.go:1613.2,1613.40 1 342
cderun/internal/command/root.go:1613.40,1617.18 3 634
cderun/internal/command/root.go:1617.18,1618.67 1 243
cderun/internal/command/root.go:1618.67,1621.17 3 126
cderun/internal/command/root.go:1621.17,1623.6 1 3
cderun/internal/command/root.go:1624.5,1624.40 1 126
cderun/internal/command/root.go:1624.40,1625.71 1 74
cderun/internal/command/root.go:1625.71,1629.15 4 65
cderun/internal/command/root.go:1630.12,1632.7 1 9
cderun/internal/command/root.go:1635.4,1635.38 1 169
cderun/internal/command/root.go:1636.9,1638.4 1 391
cderun/internal/command/root.go:1641.2,1641.31 1 333
cderun/internal/command/root_flags.gen.go:147.76,148.46 1 264
cderun/internal/command/root_flags.gen.go:148.46,149.15 1 8448
cderun/internal/command/root_flags.gen.go:149.15,151.4 1 8290
cderun/internal/command/root_flags.gen.go:152.3,152.12 1 158
cderun/internal/command/root_flags.gen.go:154.2,154.49 1 264
cderun/internal/command/root_flags.gen.go:154.49,155.15 1 15312
cderun/internal/command/root_flags.gen.go:155.15,157.4 1 14960
cderun/internal/command/root_flags.gen.go:158.3,158.12 1 352
cderun/internal/command/root_flags.gen.go:160.2,160.43 1 264
cderun/internal/command/root_flags.gen.go:160.43,161.15 1 1584
cderun/internal/command/root_flags.gen.go:161.15,163.4 1 1581
cderun/internal/command/root_flags.gen.go:164.3,164.12 1 3
cderun/internal/command/root_flags.gen.go:166.2,166.53 1 264
cderun/internal/command/root_flags.gen.go:166.53,167.15 1 528
cderun/internal/command/root_flags.gen.go:167.15,169.4 1 524
cderun/internal/command/root_flags.gen.go:170.3,170.12 1 4
cderun/internal/command/root_flags.gen.go:173.2,306.3 1 264
cderun/internal/command/root_flags.gen.go:309.74,310.14 1 5969
cderun/internal/command/root_flags.gen.go:311.19,312.42 1 373
cderun/internal/command/root_flags.gen.go:313.17,314.36 1 373
cderun/internal/command/root_flags.gen.go:315.14,316.32 1 373
cderun/internal/command/root_flags.gen.go:317.21,318.46 1 373
cderun/internal/command/root_flags.gen.go:319.23,320.48 1 373
cderun/internal/command/root_flags.gen.go:321.25,322.50 1 373
cderun/internal/command/root_flags.gen.go:323.22,324.46 1 373
cderun/internal/command/root_flags.gen.go:325.29,326.58 1 373
cderun/internal/command/root_flags.gen.go:327.22,328.46 1 373
cderun/internal/command/root_flags.gen.go:329.22,330.46 1 373
cderun/internal/command/root_flags.gen.go:331.20,332.44 1 373
cderun/internal/command/root_flags.gen.go:333.21,334.44 1 373
cderun/internal/command/root_flags.gen.go:335.19,336.40 1 373
cderun/internal/command/root_flags.gen.go:337.16,338.36 1 373
cderun/internal/command/root_flags.gen.go:339.20,340.42 1 373
cderun/internal/command/root_flags.gen.go:341.13,342.30 1 373
cderun/internal/command/root_flags.gen.go:343.10,344.18 1 1
cderun/internal/command/root_flags.gen.go:348.78,349.14 1 10818
cderun/internal/command/root_flags.gen.go:350.18,351.40 1 373
cderun/internal/command/root_flags.gen.go:352.16,353.36 1 373
cderun/internal/command/root_flags.gen.go:354.21,355.44 1 373
cderun/internal/command/root_flags.gen.go:356.21,357.44 1 373
cderun/internal/command/root_flags.gen.go:358.26,359.54 1 373
cderun/internal/command/root_flags.gen.go:360.24,361.48 1 373
cderun/internal/command/root_flags.gen.go:362.14,363.32 1 373
cderun/internal/command/root_flags.gen.go:364.22,365.46 1 373
cderun/internal/command/root_flags.gen.go:366.18,367.40 1 373
cderun/internal/command/root_flags.gen.go:368.15,369.34 1 373
cderun/internal/command/root_flags.gen.go:370.13,371.30 1 373
cderun/internal/command/root_flags.gen.go:372.20,373.42 1 373
cderun/internal/command/root_flags.gen.go:374.19,375.40 1 373
cderun/internal/command/root_flags.gen.go:376.16,377.36 1 373
cderun/internal/command/root_flags.gen.go:378.27,379.54 1 373
cderun/internal/command/root_flags.gen.go:380.27,381.54 1 373
cderun/internal/command/root_flags.gen.go:382.21,383.44 1 373
cderun/internal/command/root_flags.gen.go:384.17,385.38 1 373
cderun/internal/command/root_flags.gen.go:386.13,387.30 1 373
cderun/internal/command/root_flags.gen.go:388.18,389.40 1 373
cderun/internal/command/root_flags.gen.go:390.14,391.32 1 373
cderun/internal/command/root_flags.gen.go:392.27,393.54 1 373
cderun/internal/command/root_flags.gen.go:394.17,395.38 1 373
cderun/internal/command/root_flags.gen.go:396.17,397.38 1 373
cderun/internal/command/root_flags.gen.go:398.18,399.38 1 373
cderun/internal/command/root_flags.gen.go:400.21,401.44 1 373
cderun/internal/command/root_flags.gen.go:402.21,403.44 1 373
cderun/internal/command/root_flags.gen.go:404.14,405.32 1 373
cderun/internal/command/root_flags.gen.go:406.17,407.38 1 373
cderun/internal/command/root_flags.gen.go:408.10,409.18 1 1
cderun/internal/command/root_flags.gen.go:413.72,414.14 1 1120
cderun/internal/command/root_flags.gen.go:415.20,416.42 1 373
cderun/internal/command/root_flags.gen.go:417.20,418.42 1 373
cderun/internal/command/root_flags.gen.go:419.26,420.52 1 373
cderun/internal/command/root_flags.gen.go:421.10,422.18 1 1
cderun/internal/command/root_flags.gen.go:426.80,427.14 1 374
cderun/internal/command/root_flags.gen.go:428.14,429.32 1 373
cderun/internal/command/root_flags.gen.go:430.10,431.18 1 1
cderun/internal/command/root_flags.gen.go:435.85,436.14 1 6342
cderun/internal/command/root_flags.gen.go:437.18,438.40 1 373
cderun/internal/command/root_flags.gen.go:439.17,440.36 1 373
cderun/internal/command/root_flags.gen.go:441.18,442.38 1 373
cderun/internal/command/root_flags.gen.go:443.16,444.38 1 373
cderun/internal/command/root_flags.gen.go:445.13,446.30 1 373
cderun/internal/command/root_flags.gen.go:447.20,448.44 1 373
cderun/internal/command/root_flags.gen.go:449.20,450.42 1 373
cderun/internal/command/root_flags.gen.go:451.20,452.44 1 373
cderun/internal/command/root_flags.gen.go:453.13,454.30 1 373
cderun/internal/command/root_flags.gen.go:455.16,456.36 1 373
cderun/internal/command/root_flags.gen.go:457.19,458.40 1 373
cderun/internal/command/root_flags.gen.go:459.15,460.36 1 373
cderun/internal/command/root_flags.gen.go:461.17,462.34 1 373
cderun/internal/command/root_flags.gen.go:463.22,464.46 1 373
cderun/internal/command/root_flags.gen.go:465.23,466.48 1 373
cderun/internal/command/root_flags.gen.go:467.16,468.38 1 373
cderun/internal/command/root_flags.gen.go:469.16,470.38 1 373
cderun/internal/command/root_flags.gen.go:471.10,472.18 1 1
cderun/internal/command/root_termination.go:11.129,13.40 1 154
cderun/internal/command/root_termination.go:13.40,15.3 1 4
cderun/internal/command/root_termination.go:17.2,17.21 1 150
cderun/internal/command/root_termination.go:17.21,19.3 1 149
cderun/internal/command/root_termination.go:22.2,22.20 1 1
cderun/internal/command/root_termination.go:25.126,27.16 2 11
cderun/internal/command/root_termination.go:27.16,31.3 2 1
cderun/internal/command/root_termination.go:33.2,33.16 1 11
cderun/internal/command/root_termination.go:33.16,36.3 2 1
cderun/internal/command/root_termination.go:38.2,39.72 2 10
cderun/internal/command/root_termination.go:39.72,41.3 1 3
cderun/internal/command/root_termination.go:44.2,44.22 1 10
cderun/internal/command/signals_unix.go:12.43,14.2 1 139
cderun/internal/command/signals_unix.go:17.51,19.2 1 5
cderun/internal/command/signals_unix.go:22.42,23.13 1 38
cderun/internal/command/signals_unix.go:24.22,25.18 1 22
cderun/internal/command/signals_unix.go:26.23,27.19 1 2
cderun/internal/command/signals_unix.go:28.22,29.18 1 6
cderun/internal/command/signals_unix.go:30.23,31.19 1 6
cderun/internal/command/signals_unix.go:32.10,33.22 1 2
cderun/internal/command/snapshot.go:20.256,27.56 4 32
cderun/internal/command/snapshot.go:27.56,29.3 1 5
cderun/internal/command/snapshot.go:31.2,33.15 3 27
cderun/internal/command/snapshot.go:33.15,34.15 1 27
cderun/internal/command/snapshot.go:34.15,35.25 1 6
cderun/internal/command/snapshot.go:35.25,36.46 1 0
cderun/internal/command/snapshot.go:36.46,38.6 1 0
cderun/internal/command/snapshot.go:40.4,40.59 1 6
cderun/internal/command/snapshot.go:40.59,42.5 1 0
cderun/internal/command/snapshot.go:46.2,47.16 2 27
cderun/internal/command/snapshot.go:47.16,49.3 1 2
cderun/internal/command/snapshot.go:50.2,53.16 3 25
cderun/internal/command/snapshot.go:53.16,55.3 1 0
cderun/internal/command/snapshot.go:56.2,60.97 3 25
cderun/internal/command/snapshot.go:60.97,62.3 1 4
cderun/internal/command/snapshot.go:64.2,65.54 2 21
cderun/internal/command/snapshot.go:68.186,70.24 2 33
cderun/internal/command/snapshot.go:70.24,72.3 1 12
cderun/internal/command/snapshot.go:75.2,78.34 2 33
cderun/internal/command/snapshot.go:78.34,79.23 1 15
cderun/internal/command/snapshot.go:79.23,85.4 1 14
cderun/internal/command/snapshot.go:89.2,89.88 1 33
cderun/internal/command/snapshot.go:89.88,96.3 2 10
cderun/internal/command/snapshot.go:98.2,98.16 1 33
cderun/internal/command/snapshot.go:101.148,102.70 1 29
cderun/internal/command/snapshot.go:102.70,104.3 1 19
cderun/internal/command/snapshot.go:106.2,107.16 2 10
cderun/internal/command/snapshot.go:107.16,109.3 1 0
cderun/internal/command/snapshot.go:110.2,111.16 2 10
cderun/internal/command/snapshot.go:111.16,113.3 1 2
cderun/internal/command/snapshot.go:114.2,114.31 1 8
cderun/internal/command/snapshot.go:114.31,116.3 1 0
cderun/internal/command/snapshot.go:117.2,117.33 1 8
cderun/internal/command/snapshot.go:120.200,121.24 1 27
cderun/internal/command/snapshot.go:121.24,123.3 1 23
cderun/internal/command/snapshot.go:125.2,129.26 4 4
cderun/internal/command/snapshot.go:129.26,131.44 2 2
cderun/internal/command/snapshot.go:131.44,133.4 1 0
cderun/internal/command/snapshot.go:134.3,134.25 1 2
cderun/internal/command/snapshot.go:136.2,136.17 1 2
cderun/internal/command/snapshot.go:139.106,141.16 2 26
cderun/internal/command/snapshot.go:141.16,143.3 1 25
cderun/internal/command/snapshot.go:143.8,145.3 1 1
cderun/internal/command/snapshot.go:147.2,147.30 1 26
cderun/internal/command/snapshot.go:147.30,149.17 2 25
cderun/internal/command/snapshot.go:149.17,151.4 1 24
cderun/internal/command/snapshot.go:151.9,153.4 1 1
cderun/internal/command/snapshot.go:156.2,156.27 1 26
cderun/internal/command/snapshot.go:156.27,158.17 2 25
cderun/internal/command/snapshot.go:158.17,160.4 1 24
cderun/internal/command/snapshot.go:160.9,162.4 1 1
cderun/internal/command/snapshot.go:166.169,176.16 5 26
cderun/internal/command/snapshot.go:176.16,178.3 1 0
cderun/internal/command/snapshot.go:179.2,179.100 1 26
cderun/internal/command/snapshot.go:179.100,181.3 1 2
cderun/internal/command/snapshot.go:184.2,185.16 2 24
cderun/internal/command/snapshot.go:185.16,187.3 1 0
cderun/internal/command/snapshot.go:188.2,188.98 1 24
cderun/internal/command/snapshot.go:188.98,190.3 1 2
cderun/internal/command/snapshot.go:192.2,192.12 1 22
cderun/internal/command/snapshot.go:195.70,196.23 1 29
cderun/internal/command/snapshot.go:196.23,198.3 1 1
cderun/internal/command/snapshot.go:199.2,199.34 1 28
cderun/internal/command/snapshot.go:210.80,212.2 1 29
cderun/internal/command/snapshot.go:231.90,233.27 2 32
cderun/internal/command/snapshot.go:233.27,235.3 1 24
cderun/internal/command/snapshot.go:236.2,236.70 1 8
cderun/internal/command/snapshot.go:236.70,238.3 1 4
cderun/internal/command/snapshot.go:239.2,239.20 1 4
cderun/internal/command/snapshot.go:244.65,246.2 1 8
cderun/internal/command/snapshot.go:248.50,249.19 1 36
cderun/internal/command/snapshot.go:250.53,251.14 1 10
cderun/internal/command/snapshot.go:252.10,253.15 1 26
cderun/internal/command/snapshot.go:257.92,258.19 1 40
cderun/internal/command/snapshot.go:258.19,260.3 1 29
cderun/internal/command/snapshot.go:261.2,262.16 2 40
cderun/internal/command/snapshot.go:262.16,264.3 1 24
cderun/internal/command/snapshot.go:266.2,267.26 2 16
cderun/internal/command/snapshot.go:267.26,268.17 1 39
cderun/internal/command/snapshot.go:268.17,269.12 1 5
cderun/internal/command/snapshot.go:271.3,272.23 2 34
cderun/internal/command/snapshot.go:272.23,273.12 1 3
cderun/internal/command/snapshot.go:277.3,278.28 2 31
cderun/internal/command/snapshot.go:278.28,279.16 1 241
cderun/internal/command/snapshot.go:279.16,281.10 2 31
cderun/internal/command/snapshot.go:284.3,284.46 1 31
cderun/internal/command/snapshot.go:284.46,285.12 1 0
cderun/internal/command/snapshot.go:288.3,289.26 2 31
cderun/internal/command/snapshot.go:289.26,290.12 1 19
cderun/internal/command/snapshot.go:293.3,294.24 2 12
cderun/internal/command/snapshot.go:294.24,295.12 1 1
cderun/internal/command/snapshot.go:299.3,301.28 3 11
cderun/internal/command/snapshot.go:301.28,302.60 1 33
cderun/internal/command/snapshot.go:302.60,304.5 1 11
cderun/internal/command/snapshot.go:308.2,308.16 1 5
cderun/internal/command/socket_gid_unix.go:12.76,14.16 2 8
cderun/internal/command/socket_gid_unix.go:14.16,16.3 1 7
cderun/internal/command/socket_gid_unix.go:17.2,17.67 1 1
cderun/internal/command/socket_gid_unix.go:17.67,19.3 1 1
cderun/internal/command/socket_gid_unix.go:20.2,20.16 1 0
